25-Oct-2023 09:18:30.825 INFO [main] org.apache.catalina.core.ApplicationContext.log ContextListener: contextInitialized()
25-Oct-2023 09:18:30.825 INFO [main] org.apache.catalina.core.ApplicationContext.log SessionListener: contextInitialized()
25-Oct-2023 09:18:30.828 INFO [main] org.apache.catalina.core.ApplicationContext.log ContextListener: attributeAdded('StockTicker', 'async.Stockticker@5934153e')
25-Oct-2023 09:30:06.091 INFO [Thread-1] org.apache.catalina.core.ApplicationContext.log SessionListener: contextDestroyed()
25-Oct-2023 09:30:06.091 INFO [Thread-1] org.apache.catalina.core.ApplicationContext.log ContextListener: contextDestroyed()
25-Oct-2023 09:30:08.537 INFO [main] org.apache.catalina.core.ApplicationContext.log ContextListener: contextInitialized()
25-Oct-2023 09:30:08.537 INFO [main] org.apache.catalina.core.ApplicationContext.log SessionListener: contextInitialized()
25-Oct-2023 09:30:08.538 INFO [main] org.apache.catalina.core.ApplicationContext.log ContextListener: attributeAdded('StockTicker', 'async.Stockticker@160e99e0')
25-Oct-2023 09:30:38.588 INFO [Thread-1] org.apache.catalina.core.ApplicationContext.log SessionListener: contextDestroyed()
25-Oct-2023 09:30:38.588 INFO [Thread-1] org.apache.catalina.core.ApplicationContext.log ContextListener: contextDestroyed()
25-Oct-2023 09:30:40.419 INFO [main] org.apache.catalina.core.ApplicationContext.log ContextListener: contextInitialized()
25-Oct-2023 09:30:40.419 INFO [main] org.apache.catalina.core.ApplicationContext.log SessionListener: contextInitialized()
25-Oct-2023 09:30:40.421 INFO [main] org.apache.catalina.core.ApplicationContext.log ContextListener: attributeAdded('StockTicker', 'async.Stockticker@365afe87')
25-Oct-2023 09:38:45.321 INFO [Thread-1] org.apache.catalina.core.ApplicationContext.log SessionListener: contextDestroyed()
25-Oct-2023 09:38:45.321 INFO [Thread-1] org.apache.catalina.core.ApplicationContext.log ContextListener: contextDestroyed()
25-Oct-2023 09:38:51.899 INFO [main] org.apache.catalina.core.ApplicationContext.log ContextListener: contextInitialized()
25-Oct-2023 09:38:51.899 INFO [main] org.apache.catalina.core.ApplicationContext.log SessionListener: contextInitialized()
25-Oct-2023 09:38:51.900 INFO [main] org.apache.catalina.core.ApplicationContext.log ContextListener: attributeAdded('StockTicker', 'async.Stockticker@2b80e5a9')
25-Oct-2023 09:42:31.761 INFO [Thread-1] org.apache.catalina.core.ApplicationContext.log SessionListener: contextDestroyed()
25-Oct-2023 09:42:31.762 INFO [Thread-1] org.apache.catalina.core.ApplicationContext.log ContextListener: contextDestroyed()
25-Oct-2023 09:42:40.324 INFO [main] org.apache.catalina.core.ApplicationContext.log ContextListener: contextInitialized()
25-Oct-2023 09:42:40.324 INFO [main] org.apache.catalina.core.ApplicationContext.log SessionListener: contextInitialized()
25-Oct-2023 09:42:40.326 INFO [main] org.apache.catalina.core.ApplicationContext.log ContextListener: attributeAdded('StockTicker', 'async.Stockticker@365afe87')
25-Oct-2023 09:43:20.752 INFO [Thread-1] org.apache.catalina.core.ApplicationContext.log SessionListener: contextDestroyed()
25-Oct-2023 09:43:20.752 INFO [Thread-1] org.apache.catalina.core.ApplicationContext.log ContextListener: contextDestroyed()
25-Oct-2023 09:43:26.942 INFO [main] org.apache.catalina.core.ApplicationContext.log ContextListener: contextInitialized()
25-Oct-2023 09:43:26.942 INFO [main] org.apache.catalina.core.ApplicationContext.log SessionListener: contextInitialized()
25-Oct-2023 09:43:26.944 INFO [main] org.apache.catalina.core.ApplicationContext.log ContextListener: attributeAdded('StockTicker', 'async.Stockticker@365afe87')
25-Oct-2023 09:45:36.423 INFO [Thread-1] org.apache.catalina.core.ApplicationContext.log SessionListener: contextDestroyed()
25-Oct-2023 09:45:36.423 INFO [Thread-1] org.apache.catalina.core.ApplicationContext.log ContextListener: contextDestroyed()
25-Oct-2023 09:45:42.671 INFO [main] org.apache.catalina.core.ApplicationContext.log ContextListener: contextInitialized()
25-Oct-2023 09:45:42.672 INFO [main] org.apache.catalina.core.ApplicationContext.log SessionListener: contextInitialized()
25-Oct-2023 09:45:42.675 INFO [main] org.apache.catalina.core.ApplicationContext.log ContextListener: attributeAdded('StockTicker', 'async.Stockticker@160e99e0')
25-Oct-2023 09:48:24.722 INFO [Thread-1] org.apache.catalina.core.ApplicationContext.log SessionListener: contextDestroyed()
25-Oct-2023 09:48:24.722 INFO [Thread-1] org.apache.catalina.core.ApplicationContext.log ContextListener: contextDestroyed()
25-Oct-2023 09:48:30.528 INFO [main] org.apache.catalina.core.ApplicationContext.log ContextListener: contextInitialized()
25-Oct-2023 09:48:30.528 INFO [main] org.apache.catalina.core.ApplicationContext.log SessionListener: contextInitialized()
25-Oct-2023 09:48:30.529 INFO [main] org.apache.catalina.core.ApplicationContext.log ContextListener: attributeAdded('StockTicker', 'async.Stockticker@5934153e')
25-Oct-2023 09:53:28.574 INFO [Thread-1] org.apache.catalina.core.ApplicationContext.log SessionListener: contextDestroyed()
25-Oct-2023 09:53:28.574 INFO [Thread-1] org.apache.catalina.core.ApplicationContext.log ContextListener: contextDestroyed()
25-Oct-2023 09:53:34.192 INFO [main] org.apache.catalina.core.ApplicationContext.log ContextListener: contextInitialized()
25-Oct-2023 09:53:34.193 INFO [main] org.apache.catalina.core.ApplicationContext.log SessionListener: contextInitialized()
25-Oct-2023 09:53:34.195 INFO [main] org.apache.catalina.core.ApplicationContext.log ContextListener: attributeAdded('StockTicker', 'async.Stockticker@160e99e0')
25-Oct-2023 09:53:58.745 INFO [Thread-1] org.apache.catalina.core.ApplicationContext.log SessionListener: contextDestroyed()
25-Oct-2023 09:53:58.745 INFO [Thread-1] org.apache.catalina.core.ApplicationContext.log ContextListener: contextDestroyed()
25-Oct-2023 09:54:04.250 INFO [main] org.apache.catalina.core.ApplicationContext.log ContextListener: contextInitialized()
25-Oct-2023 09:54:04.250 INFO [main] org.apache.catalina.core.ApplicationContext.log SessionListener: contextInitialized()
25-Oct-2023 09:54:04.254 INFO [main] org.apache.catalina.core.ApplicationContext.log ContextListener: attributeAdded('StockTicker', 'async.Stockticker@3bb9ca38')
25-Oct-2023 09:55:30.198 INFO [Thread-1] org.apache.catalina.core.ApplicationContext.log SessionListener: contextDestroyed()
25-Oct-2023 09:55:30.198 INFO [Thread-1] org.apache.catalina.core.ApplicationContext.log ContextListener: contextDestroyed()
25-Oct-2023 09:55:32.026 INFO [main] org.apache.catalina.core.ApplicationContext.log ContextListener: contextInitialized()
25-Oct-2023 09:55:32.026 INFO [main] org.apache.catalina.core.ApplicationContext.log SessionListener: contextInitialized()
25-Oct-2023 09:55:32.028 INFO [main] org.apache.catalina.core.ApplicationContext.log ContextListener: attributeAdded('StockTicker', 'async.Stockticker@4f3e9fbb')
25-Oct-2023 09:55:41.879 INFO [Thread-1] org.apache.catalina.core.ApplicationContext.log SessionListener: contextDestroyed()
25-Oct-2023 09:55:41.879 INFO [Thread-1] org.apache.catalina.core.ApplicationContext.log ContextListener: contextDestroyed()
25-Oct-2023 09:55:47.385 INFO [main] org.apache.catalina.core.ApplicationContext.log ContextListener: contextInitialized()
25-Oct-2023 09:55:47.385 INFO [main] org.apache.catalina.core.ApplicationContext.log SessionListener: contextInitialized()
25-Oct-2023 09:55:47.388 INFO [main] org.apache.catalina.core.ApplicationContext.log ContextListener: attributeAdded('StockTicker', 'async.Stockticker@365afe87')
25-Oct-2023 09:58:38.594 INFO [Thread-1] org.apache.catalina.core.ApplicationContext.log SessionListener: contextDestroyed()
25-Oct-2023 09:58:38.594 INFO [Thread-1] org.apache.catalina.core.ApplicationContext.log ContextListener: contextDestroyed()
25-Oct-2023 09:58:44.166 INFO [main] org.apache.catalina.core.ApplicationContext.log ContextListener: contextInitialized()
25-Oct-2023 09:58:44.166 INFO [main] org.apache.catalina.core.ApplicationContext.log SessionListener: contextInitialized()
25-Oct-2023 09:58:44.167 INFO [main] org.apache.catalina.core.ApplicationContext.log ContextListener: attributeAdded('StockTicker', 'async.Stockticker@365afe87')
25-Oct-2023 09:59:17.810 INFO [Thread-1] org.apache.catalina.core.ApplicationContext.log SessionListener: contextDestroyed()
25-Oct-2023 09:59:17.810 INFO [Thread-1] org.apache.catalina.core.ApplicationContext.log ContextListener: contextDestroyed()
25-Oct-2023 09:59:24.268 INFO [main] org.apache.catalina.core.ApplicationContext.log ContextListener: contextInitialized()
25-Oct-2023 09:59:24.268 INFO [main] org.apache.catalina.core.ApplicationContext.log SessionListener: contextInitialized()
25-Oct-2023 09:59:24.269 INFO [main] org.apache.catalina.core.ApplicationContext.log ContextListener: attributeAdded('StockTicker', 'async.Stockticker@5934153e')
25-Oct-2023 10:03:08.581 INFO [Thread-1] org.apache.catalina.core.ApplicationContext.log SessionListener: contextDestroyed()
25-Oct-2023 10:03:08.581 INFO [Thread-1] org.apache.catalina.core.ApplicationContext.log ContextListener: contextDestroyed()
25-Oct-2023 10:03:34.153 INFO [main] org.apache.catalina.core.ApplicationContext.log ContextListener: contextInitialized()
25-Oct-2023 10:03:34.154 INFO [main] org.apache.catalina.core.ApplicationContext.log SessionListener: contextInitialized()
25-Oct-2023 10:03:34.157 INFO [main] org.apache.catalina.core.ApplicationContext.log ContextListener: attributeAdded('StockTicker', 'async.Stockticker@5934153e')
25-Oct-2023 10:04:14.467 INFO [Thread-1] org.apache.catalina.core.ApplicationContext.log SessionListener: contextDestroyed()
25-Oct-2023 10:04:14.467 INFO [Thread-1] org.apache.catalina.core.ApplicationContext.log ContextListener: contextDestroyed()
25-Oct-2023 10:04:20.571 INFO [main] org.apache.catalina.core.ApplicationContext.log ContextListener: contextInitialized()
25-Oct-2023 10:04:20.571 INFO [main] org.apache.catalina.core.ApplicationContext.log SessionListener: contextInitialized()
25-Oct-2023 10:04:20.573 INFO [main] org.apache.catalina.core.ApplicationContext.log ContextListener: attributeAdded('StockTicker', 'async.Stockticker@4f3e9fbb')
25-Oct-2023 10:07:37.753 INFO [Thread-1] org.apache.catalina.core.ApplicationContext.log SessionListener: contextDestroyed()
25-Oct-2023 10:07:37.753 INFO [Thread-1] org.apache.catalina.core.ApplicationContext.log ContextListener: contextDestroyed()
25-Oct-2023 10:07:44.264 INFO [main] org.apache.catalina.core.ApplicationContext.log ContextListener: contextInitialized()
25-Oct-2023 10:07:44.266 INFO [main] org.apache.catalina.core.ApplicationContext.log SessionListener: contextInitialized()
25-Oct-2023 10:07:44.269 INFO [main] org.apache.catalina.core.ApplicationContext.log ContextListener: attributeAdded('StockTicker', 'async.Stockticker@160e99e0')
25-Oct-2023 10:07:45.181 SEVERE [http-nio-8080-exec-1] org.apache.catalina.core.StandardWrapperValve.invoke Servlet.service() for servlet [Palette] in context with path [/vide] threw exception
	java.lang.StringIndexOutOfBoundsException: String index out of range: 1
		at java.base/java.lang.StringLatin1.charAt(StringLatin1.java:48)
		at java.base/java.lang.String.charAt(String.java:1513)
		at Palette.service(Palette.java:43)
		at jakarta.servlet.http.HttpServlet.service(HttpServlet.java:658)
		at org.apache.catalina.core.ApplicationFilterChain.internalDoFilter(ApplicationFilterChain.java:205)
		at org.apache.catalina.core.ApplicationFilterChain.doFilter(ApplicationFilterChain.java:149)
		at org.apache.tomcat.websocket.server.WsFilter.doFilter(WsFilter.java:51)
		at org.apache.catalina.core.ApplicationFilterChain.internalDoFilter(ApplicationFilterChain.java:174)
		at org.apache.catalina.core.ApplicationFilterChain.doFilter(ApplicationFilterChain.java:149)
		at org.apache.catalina.core.StandardWrapperValve.invoke(StandardWrapperValve.java:167)
		at org.apache.catalina.core.StandardContextValve.invoke(StandardContextValve.java:90)
		at org.apache.catalina.authenticator.AuthenticatorBase.invoke(AuthenticatorBase.java:482)
		at org.apache.catalina.core.StandardHostValve.invoke(StandardHostValve.java:115)
		at org.apache.catalina.valves.ErrorReportValve.invoke(ErrorReportValve.java:93)
		at org.apache.catalina.valves.AbstractAccessLogValve.invoke(AbstractAccessLogValve.java:673)
		at org.apache.catalina.core.StandardEngineValve.invoke(StandardEngineValve.java:74)
		at org.apache.catalina.connector.CoyoteAdapter.service(CoyoteAdapter.java:340)
		at org.apache.coyote.http11.Http11Processor.service(Http11Processor.java:391)
		at org.apache.coyote.AbstractProcessorLight.process(AbstractProcessorLight.java:63)
		at org.apache.coyote.AbstractProtocol$ConnectionHandler.process(AbstractProtocol.java:896)
		at org.apache.tomcat.util.net.NioEndpoint$SocketProcessor.doRun(NioEndpoint.java:1744)
		at org.apache.tomcat.util.net.SocketProcessorBase.run(SocketProcessorBase.java:52)
		at org.apache.tomcat.util.threads.ThreadPoolExecutor.runWorker(ThreadPoolExecutor.java:1191)
		at org.apache.tomcat.util.threads.ThreadPoolExecutor$Worker.run(ThreadPoolExecutor.java:659)
		at org.apache.tomcat.util.threads.TaskThread$WrappingRunnable.run(TaskThread.java:61)
		at java.base/java.lang.Thread.run(Thread.java:833)
25-Oct-2023 10:08:01.905 SEVERE [http-nio-8080-exec-3] org.apache.catalina.core.StandardWrapperValve.invoke Servlet.service() for servlet [Palette] in context with path [/vide] threw exception
	java.lang.StringIndexOutOfBoundsException: String index out of range: 1
		at java.base/java.lang.StringLatin1.charAt(StringLatin1.java:48)
		at java.base/java.lang.String.charAt(String.java:1513)
		at Palette.service(Palette.java:43)
		at jakarta.servlet.http.HttpServlet.service(HttpServlet.java:658)
		at org.apache.catalina.core.ApplicationFilterChain.internalDoFilter(ApplicationFilterChain.java:205)
		at org.apache.catalina.core.ApplicationFilterChain.doFilter(ApplicationFilterChain.java:149)
		at org.apache.tomcat.websocket.server.WsFilter.doFilter(WsFilter.java:51)
		at org.apache.catalina.core.ApplicationFilterChain.internalDoFilter(ApplicationFilterChain.java:174)
		at org.apache.catalina.core.ApplicationFilterChain.doFilter(ApplicationFilterChain.java:149)
		at org.apache.catalina.core.StandardWrapperValve.invoke(StandardWrapperValve.java:167)
		at org.apache.catalina.core.StandardContextValve.invoke(StandardContextValve.java:90)
		at org.apache.catalina.authenticator.AuthenticatorBase.invoke(AuthenticatorBase.java:482)
		at org.apache.catalina.core.StandardHostValve.invoke(StandardHostValve.java:115)
		at org.apache.catalina.valves.ErrorReportValve.invoke(ErrorReportValve.java:93)
		at org.apache.catalina.valves.AbstractAccessLogValve.invoke(AbstractAccessLogValve.java:673)
		at org.apache.catalina.core.StandardEngineValve.invoke(StandardEngineValve.java:74)
		at org.apache.catalina.connector.CoyoteAdapter.service(CoyoteAdapter.java:340)
		at org.apache.coyote.http11.Http11Processor.service(Http11Processor.java:391)
		at org.apache.coyote.AbstractProcessorLight.process(AbstractProcessorLight.java:63)
		at org.apache.coyote.AbstractProtocol$ConnectionHandler.process(AbstractProtocol.java:896)
		at org.apache.tomcat.util.net.NioEndpoint$SocketProcessor.doRun(NioEndpoint.java:1744)
		at org.apache.tomcat.util.net.SocketProcessorBase.run(SocketProcessorBase.java:52)
		at org.apache.tomcat.util.threads.ThreadPoolExecutor.runWorker(ThreadPoolExecutor.java:1191)
		at org.apache.tomcat.util.threads.ThreadPoolExecutor$Worker.run(ThreadPoolExecutor.java:659)
		at org.apache.tomcat.util.threads.TaskThread$WrappingRunnable.run(TaskThread.java:61)
		at java.base/java.lang.Thread.run(Thread.java:833)
25-Oct-2023 10:08:02.403 SEVERE [http-nio-8080-exec-5] org.apache.catalina.core.StandardWrapperValve.invoke Servlet.service() for servlet [Palette] in context with path [/vide] threw exception
	java.lang.StringIndexOutOfBoundsException: String index out of range: 1
		at java.base/java.lang.StringLatin1.charAt(StringLatin1.java:48)
		at java.base/java.lang.String.charAt(String.java:1513)
		at Palette.service(Palette.java:43)
		at jakarta.servlet.http.HttpServlet.service(HttpServlet.java:658)
		at org.apache.catalina.core.ApplicationFilterChain.internalDoFilter(ApplicationFilterChain.java:205)
		at org.apache.catalina.core.ApplicationFilterChain.doFilter(ApplicationFilterChain.java:149)
		at org.apache.tomcat.websocket.server.WsFilter.doFilter(WsFilter.java:51)
		at org.apache.catalina.core.ApplicationFilterChain.internalDoFilter(ApplicationFilterChain.java:174)
		at org.apache.catalina.core.ApplicationFilterChain.doFilter(ApplicationFilterChain.java:149)
		at org.apache.catalina.core.StandardWrapperValve.invoke(StandardWrapperValve.java:167)
		at org.apache.catalina.core.StandardContextValve.invoke(StandardContextValve.java:90)
		at org.apache.catalina.authenticator.AuthenticatorBase.invoke(AuthenticatorBase.java:482)
		at org.apache.catalina.core.StandardHostValve.invoke(StandardHostValve.java:115)
		at org.apache.catalina.valves.ErrorReportValve.invoke(ErrorReportValve.java:93)
		at org.apache.catalina.valves.AbstractAccessLogValve.invoke(AbstractAccessLogValve.java:673)
		at org.apache.catalina.core.StandardEngineValve.invoke(StandardEngineValve.java:74)
		at org.apache.catalina.connector.CoyoteAdapter.service(CoyoteAdapter.java:340)
		at org.apache.coyote.http11.Http11Processor.service(Http11Processor.java:391)
		at org.apache.coyote.AbstractProcessorLight.process(AbstractProcessorLight.java:63)
		at org.apache.coyote.AbstractProtocol$ConnectionHandler.process(AbstractProtocol.java:896)
		at org.apache.tomcat.util.net.NioEndpoint$SocketProcessor.doRun(NioEndpoint.java:1744)
		at org.apache.tomcat.util.net.SocketProcessorBase.run(SocketProcessorBase.java:52)
		at org.apache.tomcat.util.threads.ThreadPoolExecutor.runWorker(ThreadPoolExecutor.java:1191)
		at org.apache.tomcat.util.threads.ThreadPoolExecutor$Worker.run(ThreadPoolExecutor.java:659)
		at org.apache.tomcat.util.threads.TaskThread$WrappingRunnable.run(TaskThread.java:61)
		at java.base/java.lang.Thread.run(Thread.java:833)
25-Oct-2023 10:08:02.852 SEVERE [http-nio-8080-exec-7] org.apache.catalina.core.StandardWrapperValve.invoke Servlet.service() for servlet [Palette] in context with path [/vide] threw exception
	java.lang.StringIndexOutOfBoundsException: String index out of range: 1
		at java.base/java.lang.StringLatin1.charAt(StringLatin1.java:48)
		at java.base/java.lang.String.charAt(String.java:1513)
		at Palette.service(Palette.java:43)
		at jakarta.servlet.http.HttpServlet.service(HttpServlet.java:658)
		at org.apache.catalina.core.ApplicationFilterChain.internalDoFilter(ApplicationFilterChain.java:205)
		at org.apache.catalina.core.ApplicationFilterChain.doFilter(ApplicationFilterChain.java:149)
		at org.apache.tomcat.websocket.server.WsFilter.doFilter(WsFilter.java:51)
		at org.apache.catalina.core.ApplicationFilterChain.internalDoFilter(ApplicationFilterChain.java:174)
		at org.apache.catalina.core.ApplicationFilterChain.doFilter(ApplicationFilterChain.java:149)
		at org.apache.catalina.core.StandardWrapperValve.invoke(StandardWrapperValve.java:167)
		at org.apache.catalina.core.StandardContextValve.invoke(StandardContextValve.java:90)
		at org.apache.catalina.authenticator.AuthenticatorBase.invoke(AuthenticatorBase.java:482)
		at org.apache.catalina.core.StandardHostValve.invoke(StandardHostValve.java:115)
		at org.apache.catalina.valves.ErrorReportValve.invoke(ErrorReportValve.java:93)
		at org.apache.catalina.valves.AbstractAccessLogValve.invoke(AbstractAccessLogValve.java:673)
		at org.apache.catalina.core.StandardEngineValve.invoke(StandardEngineValve.java:74)
		at org.apache.catalina.connector.CoyoteAdapter.service(CoyoteAdapter.java:340)
		at org.apache.coyote.http11.Http11Processor.service(Http11Processor.java:391)
		at org.apache.coyote.AbstractProcessorLight.process(AbstractProcessorLight.java:63)
		at org.apache.coyote.AbstractProtocol$ConnectionHandler.process(AbstractProtocol.java:896)
		at org.apache.tomcat.util.net.NioEndpoint$SocketProcessor.doRun(NioEndpoint.java:1744)
		at org.apache.tomcat.util.net.SocketProcessorBase.run(SocketProcessorBase.java:52)
		at org.apache.tomcat.util.threads.ThreadPoolExecutor.runWorker(ThreadPoolExecutor.java:1191)
		at org.apache.tomcat.util.threads.ThreadPoolExecutor$Worker.run(ThreadPoolExecutor.java:659)
		at org.apache.tomcat.util.threads.TaskThread$WrappingRunnable.run(TaskThread.java:61)
		at java.base/java.lang.Thread.run(Thread.java:833)
25-Oct-2023 10:08:03.201 SEVERE [http-nio-8080-exec-9] org.apache.catalina.core.StandardWrapperValve.invoke Servlet.service() for servlet [Palette] in context with path [/vide] threw exception
	java.lang.StringIndexOutOfBoundsException: String index out of range: 1
		at java.base/java.lang.StringLatin1.charAt(StringLatin1.java:48)
		at java.base/java.lang.String.charAt(String.java:1513)
		at Palette.service(Palette.java:43)
		at jakarta.servlet.http.HttpServlet.service(HttpServlet.java:658)
		at org.apache.catalina.core.ApplicationFilterChain.internalDoFilter(ApplicationFilterChain.java:205)
		at org.apache.catalina.core.ApplicationFilterChain.doFilter(ApplicationFilterChain.java:149)
		at org.apache.tomcat.websocket.server.WsFilter.doFilter(WsFilter.java:51)
		at org.apache.catalina.core.ApplicationFilterChain.internalDoFilter(ApplicationFilterChain.java:174)
		at org.apache.catalina.core.ApplicationFilterChain.doFilter(ApplicationFilterChain.java:149)
		at org.apache.catalina.core.StandardWrapperValve.invoke(StandardWrapperValve.java:167)
		at org.apache.catalina.core.StandardContextValve.invoke(StandardContextValve.java:90)
		at org.apache.catalina.authenticator.AuthenticatorBase.invoke(AuthenticatorBase.java:482)
		at org.apache.catalina.core.StandardHostValve.invoke(StandardHostValve.java:115)
		at org.apache.catalina.valves.ErrorReportValve.invoke(ErrorReportValve.java:93)
		at org.apache.catalina.valves.AbstractAccessLogValve.invoke(AbstractAccessLogValve.java:673)
		at org.apache.catalina.core.StandardEngineValve.invoke(StandardEngineValve.java:74)
		at org.apache.catalina.connector.CoyoteAdapter.service(CoyoteAdapter.java:340)
		at org.apache.coyote.http11.Http11Processor.service(Http11Processor.java:391)
		at org.apache.coyote.AbstractProcessorLight.process(AbstractProcessorLight.java:63)
		at org.apache.coyote.AbstractProtocol$ConnectionHandler.process(AbstractProtocol.java:896)
		at org.apache.tomcat.util.net.NioEndpoint$SocketProcessor.doRun(NioEndpoint.java:1744)
		at org.apache.tomcat.util.net.SocketProcessorBase.run(SocketProcessorBase.java:52)
		at org.apache.tomcat.util.threads.ThreadPoolExecutor.runWorker(ThreadPoolExecutor.java:1191)
		at org.apache.tomcat.util.threads.ThreadPoolExecutor$Worker.run(ThreadPoolExecutor.java:659)
		at org.apache.tomcat.util.threads.TaskThread$WrappingRunnable.run(TaskThread.java:61)
		at java.base/java.lang.Thread.run(Thread.java:833)
25-Oct-2023 10:08:04.428 SEVERE [http-nio-8080-exec-1] org.apache.catalina.core.StandardWrapperValve.invoke Servlet.service() for servlet [Palette] in context with path [/vide] threw exception
	java.lang.StringIndexOutOfBoundsException: String index out of range: 2
		at java.base/java.lang.StringLatin1.charAt(StringLatin1.java:48)
		at java.base/java.lang.String.charAt(String.java:1513)
		at Palette.service(Palette.java:43)
		at jakarta.servlet.http.HttpServlet.service(HttpServlet.java:658)
		at org.apache.catalina.core.ApplicationFilterChain.internalDoFilter(ApplicationFilterChain.java:205)
		at org.apache.catalina.core.ApplicationFilterChain.doFilter(ApplicationFilterChain.java:149)
		at org.apache.tomcat.websocket.server.WsFilter.doFilter(WsFilter.java:51)
		at org.apache.catalina.core.ApplicationFilterChain.internalDoFilter(ApplicationFilterChain.java:174)
		at org.apache.catalina.core.ApplicationFilterChain.doFilter(ApplicationFilterChain.java:149)
		at org.apache.catalina.core.StandardWrapperValve.invoke(StandardWrapperValve.java:167)
		at org.apache.catalina.core.StandardContextValve.invoke(StandardContextValve.java:90)
		at org.apache.catalina.authenticator.AuthenticatorBase.invoke(AuthenticatorBase.java:482)
		at org.apache.catalina.core.StandardHostValve.invoke(StandardHostValve.java:115)
		at org.apache.catalina.valves.ErrorReportValve.invoke(ErrorReportValve.java:93)
		at org.apache.catalina.valves.AbstractAccessLogValve.invoke(AbstractAccessLogValve.java:673)
		at org.apache.catalina.core.StandardEngineValve.invoke(StandardEngineValve.java:74)
		at org.apache.catalina.connector.CoyoteAdapter.service(CoyoteAdapter.java:340)
		at org.apache.coyote.http11.Http11Processor.service(Http11Processor.java:391)
		at org.apache.coyote.AbstractProcessorLight.process(AbstractProcessorLight.java:63)
		at org.apache.coyote.AbstractProtocol$ConnectionHandler.process(AbstractProtocol.java:896)
		at org.apache.tomcat.util.net.NioEndpoint$SocketProcessor.doRun(NioEndpoint.java:1744)
		at org.apache.tomcat.util.net.SocketProcessorBase.run(SocketProcessorBase.java:52)
		at org.apache.tomcat.util.threads.ThreadPoolExecutor.runWorker(ThreadPoolExecutor.java:1191)
		at org.apache.tomcat.util.threads.ThreadPoolExecutor$Worker.run(ThreadPoolExecutor.java:659)
		at org.apache.tomcat.util.threads.TaskThread$WrappingRunnable.run(TaskThread.java:61)
		at java.base/java.lang.Thread.run(Thread.java:833)
25-Oct-2023 10:08:05.224 SEVERE [http-nio-8080-exec-3] org.apache.catalina.core.StandardWrapperValve.invoke Servlet.service() for servlet [Palette] in context with path [/vide] threw exception
	java.lang.StringIndexOutOfBoundsException: String index out of range: 2
		at java.base/java.lang.StringLatin1.charAt(StringLatin1.java:48)
		at java.base/java.lang.String.charAt(String.java:1513)
		at Palette.service(Palette.java:43)
		at jakarta.servlet.http.HttpServlet.service(HttpServlet.java:658)
		at org.apache.catalina.core.ApplicationFilterChain.internalDoFilter(ApplicationFilterChain.java:205)
		at org.apache.catalina.core.ApplicationFilterChain.doFilter(ApplicationFilterChain.java:149)
		at org.apache.tomcat.websocket.server.WsFilter.doFilter(WsFilter.java:51)
		at org.apache.catalina.core.ApplicationFilterChain.internalDoFilter(ApplicationFilterChain.java:174)
		at org.apache.catalina.core.ApplicationFilterChain.doFilter(ApplicationFilterChain.java:149)
		at org.apache.catalina.core.StandardWrapperValve.invoke(StandardWrapperValve.java:167)
		at org.apache.catalina.core.StandardContextValve.invoke(StandardContextValve.java:90)
		at org.apache.catalina.authenticator.AuthenticatorBase.invoke(AuthenticatorBase.java:482)
		at org.apache.catalina.core.StandardHostValve.invoke(StandardHostValve.java:115)
		at org.apache.catalina.valves.ErrorReportValve.invoke(ErrorReportValve.java:93)
		at org.apache.catalina.valves.AbstractAccessLogValve.invoke(AbstractAccessLogValve.java:673)
		at org.apache.catalina.core.StandardEngineValve.invoke(StandardEngineValve.java:74)
		at org.apache.catalina.connector.CoyoteAdapter.service(CoyoteAdapter.java:340)
		at org.apache.coyote.http11.Http11Processor.service(Http11Processor.java:391)
		at org.apache.coyote.AbstractProcessorLight.process(AbstractProcessorLight.java:63)
		at org.apache.coyote.AbstractProtocol$ConnectionHandler.process(AbstractProtocol.java:896)
		at org.apache.tomcat.util.net.NioEndpoint$SocketProcessor.doRun(NioEndpoint.java:1744)
		at org.apache.tomcat.util.net.SocketProcessorBase.run(SocketProcessorBase.java:52)
		at org.apache.tomcat.util.threads.ThreadPoolExecutor.runWorker(ThreadPoolExecutor.java:1191)
		at org.apache.tomcat.util.threads.ThreadPoolExecutor$Worker.run(ThreadPoolExecutor.java:659)
		at org.apache.tomcat.util.threads.TaskThread$WrappingRunnable.run(TaskThread.java:61)
		at java.base/java.lang.Thread.run(Thread.java:833)
25-Oct-2023 10:08:05.712 SEVERE [http-nio-8080-exec-5] org.apache.catalina.core.StandardWrapperValve.invoke Servlet.service() for servlet [Palette] in context with path [/vide] threw exception
	java.lang.StringIndexOutOfBoundsException: String index out of range: 2
		at java.base/java.lang.StringLatin1.charAt(StringLatin1.java:48)
		at java.base/java.lang.String.charAt(String.java:1513)
		at Palette.service(Palette.java:43)
		at jakarta.servlet.http.HttpServlet.service(HttpServlet.java:658)
		at org.apache.catalina.core.ApplicationFilterChain.internalDoFilter(ApplicationFilterChain.java:205)
		at org.apache.catalina.core.ApplicationFilterChain.doFilter(ApplicationFilterChain.java:149)
		at org.apache.tomcat.websocket.server.WsFilter.doFilter(WsFilter.java:51)
		at org.apache.catalina.core.ApplicationFilterChain.internalDoFilter(ApplicationFilterChain.java:174)
		at org.apache.catalina.core.ApplicationFilterChain.doFilter(ApplicationFilterChain.java:149)
		at org.apache.catalina.core.StandardWrapperValve.invoke(StandardWrapperValve.java:167)
		at org.apache.catalina.core.StandardContextValve.invoke(StandardContextValve.java:90)
		at org.apache.catalina.authenticator.AuthenticatorBase.invoke(AuthenticatorBase.java:482)
		at org.apache.catalina.core.StandardHostValve.invoke(StandardHostValve.java:115)
		at org.apache.catalina.valves.ErrorReportValve.invoke(ErrorReportValve.java:93)
		at org.apache.catalina.valves.AbstractAccessLogValve.invoke(AbstractAccessLogValve.java:673)
		at org.apache.catalina.core.StandardEngineValve.invoke(StandardEngineValve.java:74)
		at org.apache.catalina.connector.CoyoteAdapter.service(CoyoteAdapter.java:340)
		at org.apache.coyote.http11.Http11Processor.service(Http11Processor.java:391)
		at org.apache.coyote.AbstractProcessorLight.process(AbstractProcessorLight.java:63)
		at org.apache.coyote.AbstractProtocol$ConnectionHandler.process(AbstractProtocol.java:896)
		at org.apache.tomcat.util.net.NioEndpoint$SocketProcessor.doRun(NioEndpoint.java:1744)
		at org.apache.tomcat.util.net.SocketProcessorBase.run(SocketProcessorBase.java:52)
		at org.apache.tomcat.util.threads.ThreadPoolExecutor.runWorker(ThreadPoolExecutor.java:1191)
		at org.apache.tomcat.util.threads.ThreadPoolExecutor$Worker.run(ThreadPoolExecutor.java:659)
		at org.apache.tomcat.util.threads.TaskThread$WrappingRunnable.run(TaskThread.java:61)
		at java.base/java.lang.Thread.run(Thread.java:833)
25-Oct-2023 10:08:06.411 SEVERE [http-nio-8080-exec-7] org.apache.catalina.core.StandardWrapperValve.invoke Servlet.service() for servlet [Palette] in context with path [/vide] threw exception
	java.lang.StringIndexOutOfBoundsException: String index out of range: 1
		at java.base/java.lang.StringLatin1.charAt(StringLatin1.java:48)
		at java.base/java.lang.String.charAt(String.java:1513)
		at Palette.service(Palette.java:43)
		at jakarta.servlet.http.HttpServlet.service(HttpServlet.java:658)
		at org.apache.catalina.core.ApplicationFilterChain.internalDoFilter(ApplicationFilterChain.java:205)
		at org.apache.catalina.core.ApplicationFilterChain.doFilter(ApplicationFilterChain.java:149)
		at org.apache.tomcat.websocket.server.WsFilter.doFilter(WsFilter.java:51)
		at org.apache.catalina.core.ApplicationFilterChain.internalDoFilter(ApplicationFilterChain.java:174)
		at org.apache.catalina.core.ApplicationFilterChain.doFilter(ApplicationFilterChain.java:149)
		at org.apache.catalina.core.StandardWrapperValve.invoke(StandardWrapperValve.java:167)
		at org.apache.catalina.core.StandardContextValve.invoke(StandardContextValve.java:90)
		at org.apache.catalina.authenticator.AuthenticatorBase.invoke(AuthenticatorBase.java:482)
		at org.apache.catalina.core.StandardHostValve.invoke(StandardHostValve.java:115)
		at org.apache.catalina.valves.ErrorReportValve.invoke(ErrorReportValve.java:93)
		at org.apache.catalina.valves.AbstractAccessLogValve.invoke(AbstractAccessLogValve.java:673)
		at org.apache.catalina.core.StandardEngineValve.invoke(StandardEngineValve.java:74)
		at org.apache.catalina.connector.CoyoteAdapter.service(CoyoteAdapter.java:340)
		at org.apache.coyote.http11.Http11Processor.service(Http11Processor.java:391)
		at org.apache.coyote.AbstractProcessorLight.process(AbstractProcessorLight.java:63)
		at org.apache.coyote.AbstractProtocol$ConnectionHandler.process(AbstractProtocol.java:896)
		at org.apache.tomcat.util.net.NioEndpoint$SocketProcessor.doRun(NioEndpoint.java:1744)
		at org.apache.tomcat.util.net.SocketProcessorBase.run(SocketProcessorBase.java:52)
		at org.apache.tomcat.util.threads.ThreadPoolExecutor.runWorker(ThreadPoolExecutor.java:1191)
		at org.apache.tomcat.util.threads.ThreadPoolExecutor$Worker.run(ThreadPoolExecutor.java:659)
		at org.apache.tomcat.util.threads.TaskThread$WrappingRunnable.run(TaskThread.java:61)
		at java.base/java.lang.Thread.run(Thread.java:833)
25-Oct-2023 10:08:07.028 SEVERE [http-nio-8080-exec-9] org.apache.catalina.core.StandardWrapperValve.invoke Servlet.service() for servlet [Palette] in context with path [/vide] threw exception
	java.lang.StringIndexOutOfBoundsException: String index out of range: 2
		at java.base/java.lang.StringLatin1.charAt(StringLatin1.java:48)
		at java.base/java.lang.String.charAt(String.java:1513)
		at Palette.service(Palette.java:43)
		at jakarta.servlet.http.HttpServlet.service(HttpServlet.java:658)
		at org.apache.catalina.core.ApplicationFilterChain.internalDoFilter(ApplicationFilterChain.java:205)
		at org.apache.catalina.core.ApplicationFilterChain.doFilter(ApplicationFilterChain.java:149)
		at org.apache.tomcat.websocket.server.WsFilter.doFilter(WsFilter.java:51)
		at org.apache.catalina.core.ApplicationFilterChain.internalDoFilter(ApplicationFilterChain.java:174)
		at org.apache.catalina.core.ApplicationFilterChain.doFilter(ApplicationFilterChain.java:149)
		at org.apache.catalina.core.StandardWrapperValve.invoke(StandardWrapperValve.java:167)
		at org.apache.catalina.core.StandardContextValve.invoke(StandardContextValve.java:90)
		at org.apache.catalina.authenticator.AuthenticatorBase.invoke(AuthenticatorBase.java:482)
		at org.apache.catalina.core.StandardHostValve.invoke(StandardHostValve.java:115)
		at org.apache.catalina.valves.ErrorReportValve.invoke(ErrorReportValve.java:93)
		at org.apache.catalina.valves.AbstractAccessLogValve.invoke(AbstractAccessLogValve.java:673)
		at org.apache.catalina.core.StandardEngineValve.invoke(StandardEngineValve.java:74)
		at org.apache.catalina.connector.CoyoteAdapter.service(CoyoteAdapter.java:340)
		at org.apache.coyote.http11.Http11Processor.service(Http11Processor.java:391)
		at org.apache.coyote.AbstractProcessorLight.process(AbstractProcessorLight.java:63)
		at org.apache.coyote.AbstractProtocol$ConnectionHandler.process(AbstractProtocol.java:896)
		at org.apache.tomcat.util.net.NioEndpoint$SocketProcessor.doRun(NioEndpoint.java:1744)
		at org.apache.tomcat.util.net.SocketProcessorBase.run(SocketProcessorBase.java:52)
		at org.apache.tomcat.util.threads.ThreadPoolExecutor.runWorker(ThreadPoolExecutor.java:1191)
		at org.apache.tomcat.util.threads.ThreadPoolExecutor$Worker.run(ThreadPoolExecutor.java:659)
		at org.apache.tomcat.util.threads.TaskThread$WrappingRunnable.run(TaskThread.java:61)
		at java.base/java.lang.Thread.run(Thread.java:833)
25-Oct-2023 10:10:42.058 INFO [Thread-1] org.apache.catalina.core.ApplicationContext.log SessionListener: contextDestroyed()
25-Oct-2023 10:10:42.058 INFO [Thread-1] org.apache.catalina.core.ApplicationContext.log ContextListener: contextDestroyed()
25-Oct-2023 10:10:44.764 INFO [main] org.apache.catalina.core.ApplicationContext.log ContextListener: contextInitialized()
25-Oct-2023 10:10:44.764 INFO [main] org.apache.catalina.core.ApplicationContext.log SessionListener: contextInitialized()
25-Oct-2023 10:10:44.767 INFO [main] org.apache.catalina.core.ApplicationContext.log ContextListener: attributeAdded('StockTicker', 'async.Stockticker@4f3e9fbb')
25-Oct-2023 10:11:56.103 INFO [Thread-1] org.apache.catalina.core.ApplicationContext.log SessionListener: contextDestroyed()
25-Oct-2023 10:11:56.103 INFO [Thread-1] org.apache.catalina.core.ApplicationContext.log ContextListener: contextDestroyed()
25-Oct-2023 10:12:04.045 INFO [main] org.apache.catalina.core.ApplicationContext.log ContextListener: contextInitialized()
25-Oct-2023 10:12:04.046 INFO [main] org.apache.catalina.core.ApplicationContext.log SessionListener: contextInitialized()
25-Oct-2023 10:12:04.048 INFO [main] org.apache.catalina.core.ApplicationContext.log ContextListener: attributeAdded('StockTicker', 'async.Stockticker@160e99e0')
25-Oct-2023 10:13:43.523 INFO [Thread-1] org.apache.catalina.core.ApplicationContext.log SessionListener: contextDestroyed()
25-Oct-2023 10:13:43.523 INFO [Thread-1] org.apache.catalina.core.ApplicationContext.log ContextListener: contextDestroyed()
25-Oct-2023 10:15:35.247 INFO [main] org.apache.catalina.core.ApplicationContext.log ContextListener: contextInitialized()
25-Oct-2023 10:15:35.248 INFO [main] org.apache.catalina.core.ApplicationContext.log SessionListener: contextInitialized()
25-Oct-2023 10:15:35.252 INFO [main] org.apache.catalina.core.ApplicationContext.log ContextListener: attributeAdded('StockTicker', 'async.Stockticker@160e99e0')
25-Oct-2023 10:16:13.536 INFO [Thread-1] org.apache.catalina.core.ApplicationContext.log SessionListener: contextDestroyed()
25-Oct-2023 10:16:13.536 INFO [Thread-1] org.apache.catalina.core.ApplicationContext.log ContextListener: contextDestroyed()
25-Oct-2023 10:16:15.312 INFO [main] org.apache.catalina.core.ApplicationContext.log ContextListener: contextInitialized()
25-Oct-2023 10:16:15.312 INFO [main] org.apache.catalina.core.ApplicationContext.log SessionListener: contextInitialized()
25-Oct-2023 10:16:15.313 INFO [main] org.apache.catalina.core.ApplicationContext.log ContextListener: attributeAdded('StockTicker', 'async.Stockticker@365afe87')
25-Oct-2023 10:27:56.406 INFO [Thread-1] org.apache.catalina.core.ApplicationContext.log SessionListener: contextDestroyed()
25-Oct-2023 10:27:56.406 INFO [Thread-1] org.apache.catalina.core.ApplicationContext.log ContextListener: contextDestroyed()
25-Oct-2023 10:28:10.288 INFO [main] org.apache.catalina.core.ApplicationContext.log ContextListener: contextInitialized()
25-Oct-2023 10:28:10.288 INFO [main] org.apache.catalina.core.ApplicationContext.log SessionListener: contextInitialized()
25-Oct-2023 10:28:10.289 INFO [main] org.apache.catalina.core.ApplicationContext.log ContextListener: attributeAdded('StockTicker', 'async.Stockticker@365afe87')
25-Oct-2023 10:28:36.704 INFO [Thread-1] org.apache.catalina.core.ApplicationContext.log SessionListener: contextDestroyed()
25-Oct-2023 10:28:36.704 INFO [Thread-1] org.apache.catalina.core.ApplicationContext.log ContextListener: contextDestroyed()
25-Oct-2023 10:28:43.132 INFO [main] org.apache.catalina.core.ApplicationContext.log ContextListener: contextInitialized()
25-Oct-2023 10:28:43.132 INFO [main] org.apache.catalina.core.ApplicationContext.log SessionListener: contextInitialized()
25-Oct-2023 10:28:43.133 INFO [main] org.apache.catalina.core.ApplicationContext.log ContextListener: attributeAdded('StockTicker', 'async.Stockticker@160e99e0')
25-Oct-2023 10:30:12.082 INFO [Thread-1] org.apache.catalina.core.ApplicationContext.log SessionListener: contextDestroyed()
25-Oct-2023 10:30:12.082 INFO [Thread-1] org.apache.catalina.core.ApplicationContext.log ContextListener: contextDestroyed()
25-Oct-2023 10:30:17.923 INFO [main] org.apache.catalina.core.ApplicationContext.log ContextListener: contextInitialized()
25-Oct-2023 10:30:17.923 INFO [main] org.apache.catalina.core.ApplicationContext.log SessionListener: contextInitialized()
25-Oct-2023 10:30:17.924 INFO [main] org.apache.catalina.core.ApplicationContext.log ContextListener: attributeAdded('StockTicker', 'async.Stockticker@160e99e0')
25-Oct-2023 10:31:25.793 INFO [Thread-1] org.apache.catalina.core.ApplicationContext.log SessionListener: contextDestroyed()
25-Oct-2023 10:31:25.793 INFO [Thread-1] org.apache.catalina.core.ApplicationContext.log ContextListener: contextDestroyed()
25-Oct-2023 10:31:33.520 INFO [main] org.apache.catalina.core.ApplicationContext.log ContextListener: contextInitialized()
25-Oct-2023 10:31:33.520 INFO [main] org.apache.catalina.core.ApplicationContext.log SessionListener: contextInitialized()
25-Oct-2023 10:31:33.521 INFO [main] org.apache.catalina.core.ApplicationContext.log ContextListener: attributeAdded('StockTicker', 'async.Stockticker@365afe87')
25-Oct-2023 10:35:42.159 INFO [Thread-1] org.apache.catalina.core.ApplicationContext.log SessionListener: contextDestroyed()
25-Oct-2023 10:35:42.159 INFO [Thread-1] org.apache.catalina.core.ApplicationContext.log ContextListener: contextDestroyed()
25-Oct-2023 10:36:03.613 INFO [main] org.apache.catalina.core.ApplicationContext.log ContextListener: contextInitialized()
25-Oct-2023 10:36:03.614 INFO [main] org.apache.catalina.core.ApplicationContext.log SessionListener: contextInitialized()
25-Oct-2023 10:36:03.617 INFO [main] org.apache.catalina.core.ApplicationContext.log ContextListener: attributeAdded('StockTicker', 'async.Stockticker@160e99e0')
25-Oct-2023 10:36:42.623 INFO [Thread-1] org.apache.catalina.core.ApplicationContext.log SessionListener: contextDestroyed()
25-Oct-2023 10:36:42.623 INFO [Thread-1] org.apache.catalina.core.ApplicationContext.log ContextListener: contextDestroyed()
25-Oct-2023 10:37:01.838 INFO [main] org.apache.catalina.core.ApplicationContext.log ContextListener: contextInitialized()
25-Oct-2023 10:37:01.838 INFO [main] org.apache.catalina.core.ApplicationContext.log SessionListener: contextInitialized()
25-Oct-2023 10:37:01.839 INFO [main] org.apache.catalina.core.ApplicationContext.log ContextListener: attributeAdded('StockTicker', 'async.Stockticker@365afe87')
25-Oct-2023 10:45:58.983 INFO [Thread-1] org.apache.catalina.core.ApplicationContext.log SessionListener: contextDestroyed()
25-Oct-2023 10:45:58.983 INFO [Thread-1] org.apache.catalina.core.ApplicationContext.log ContextListener: contextDestroyed()
25-Oct-2023 10:46:09.360 INFO [main] org.apache.catalina.core.ApplicationContext.log ContextListener: contextInitialized()
25-Oct-2023 10:46:09.360 INFO [main] org.apache.catalina.core.ApplicationContext.log SessionListener: contextInitialized()
25-Oct-2023 10:46:09.361 INFO [main] org.apache.catalina.core.ApplicationContext.log ContextListener: attributeAdded('StockTicker', 'async.Stockticker@365afe87')
25-Oct-2023 10:46:38.571 INFO [Thread-1] org.apache.catalina.core.ApplicationContext.log SessionListener: contextDestroyed()
25-Oct-2023 10:46:38.571 INFO [Thread-1] org.apache.catalina.core.ApplicationContext.log ContextListener: contextDestroyed()
25-Oct-2023 10:46:44.580 INFO [main] org.apache.catalina.core.ApplicationContext.log ContextListener: contextInitialized()
25-Oct-2023 10:46:44.580 INFO [main] org.apache.catalina.core.ApplicationContext.log SessionListener: contextInitialized()
25-Oct-2023 10:46:44.582 INFO [main] org.apache.catalina.core.ApplicationContext.log ContextListener: attributeAdded('StockTicker', 'async.Stockticker@5934153e')
25-Oct-2023 10:46:50.773 INFO [Thread-1] org.apache.catalina.core.ApplicationContext.log SessionListener: contextDestroyed()
25-Oct-2023 10:46:50.773 INFO [Thread-1] org.apache.catalina.core.ApplicationContext.log ContextListener: contextDestroyed()
25-Oct-2023 10:47:02.407 INFO [main] org.apache.catalina.core.ApplicationContext.log ContextListener: contextInitialized()
25-Oct-2023 10:47:02.407 INFO [main] org.apache.catalina.core.ApplicationContext.log SessionListener: contextInitialized()
25-Oct-2023 10:47:02.408 INFO [main] org.apache.catalina.core.ApplicationContext.log ContextListener: attributeAdded('StockTicker', 'async.Stockticker@160e99e0')
25-Oct-2023 10:47:48.232 INFO [Thread-1] org.apache.catalina.core.ApplicationContext.log SessionListener: contextDestroyed()
25-Oct-2023 10:47:48.233 INFO [Thread-1] org.apache.catalina.core.ApplicationContext.log ContextListener: contextDestroyed()
25-Oct-2023 10:47:59.700 INFO [main] org.apache.catalina.core.ApplicationContext.log ContextListener: contextInitialized()
25-Oct-2023 10:47:59.700 INFO [main] org.apache.catalina.core.ApplicationContext.log SessionListener: contextInitialized()
25-Oct-2023 10:47:59.702 INFO [main] org.apache.catalina.core.ApplicationContext.log ContextListener: attributeAdded('StockTicker', 'async.Stockticker@4cc01c7f')
25-Oct-2023 10:53:00.196 INFO [Thread-1] org.apache.catalina.core.ApplicationContext.log SessionListener: contextDestroyed()
25-Oct-2023 10:53:00.196 INFO [Thread-1] org.apache.catalina.core.ApplicationContext.log ContextListener: contextDestroyed()
25-Oct-2023 10:53:06.496 INFO [main] org.apache.catalina.core.ApplicationContext.log ContextListener: contextInitialized()
25-Oct-2023 10:53:06.496 INFO [main] org.apache.catalina.core.ApplicationContext.log SessionListener: contextInitialized()
25-Oct-2023 10:53:06.499 INFO [main] org.apache.catalina.core.ApplicationContext.log ContextListener: attributeAdded('StockTicker', 'async.Stockticker@160e99e0')
25-Oct-2023 10:54:52.174 INFO [Thread-1] org.apache.catalina.core.ApplicationContext.log SessionListener: contextDestroyed()
25-Oct-2023 10:54:52.174 INFO [Thread-1] org.apache.catalina.core.ApplicationContext.log ContextListener: contextDestroyed()
25-Oct-2023 10:54:57.991 INFO [main] org.apache.catalina.core.ApplicationContext.log ContextListener: contextInitialized()
25-Oct-2023 10:54:57.992 INFO [main] org.apache.catalina.core.ApplicationContext.log SessionListener: contextInitialized()
25-Oct-2023 10:54:57.994 INFO [main] org.apache.catalina.core.ApplicationContext.log ContextListener: attributeAdded('StockTicker', 'async.Stockticker@365afe87')
25-Oct-2023 10:56:03.382 INFO [Thread-1] org.apache.catalina.core.ApplicationContext.log SessionListener: contextDestroyed()
25-Oct-2023 10:56:03.382 INFO [Thread-1] org.apache.catalina.core.ApplicationContext.log ContextListener: contextDestroyed()
25-Oct-2023 10:56:09.794 INFO [main] org.apache.catalina.core.ApplicationContext.log ContextListener: contextInitialized()
25-Oct-2023 10:56:09.794 INFO [main] org.apache.catalina.core.ApplicationContext.log SessionListener: contextInitialized()
25-Oct-2023 10:56:09.795 INFO [main] org.apache.catalina.core.ApplicationContext.log ContextListener: attributeAdded('StockTicker', 'async.Stockticker@365afe87')
25-Oct-2023 11:05:56.043 INFO [Thread-1] org.apache.catalina.core.ApplicationContext.log SessionListener: contextDestroyed()
25-Oct-2023 11:05:56.043 INFO [Thread-1] org.apache.catalina.core.ApplicationContext.log ContextListener: contextDestroyed()
25-Oct-2023 11:05:59.849 INFO [main] org.apache.catalina.core.ApplicationContext.log ContextListener: contextInitialized()
25-Oct-2023 11:05:59.849 INFO [main] org.apache.catalina.core.ApplicationContext.log SessionListener: contextInitialized()
25-Oct-2023 11:05:59.852 INFO [main] org.apache.catalina.core.ApplicationContext.log ContextListener: attributeAdded('StockTicker', 'async.Stockticker@5934153e')
25-Oct-2023 11:06:23.307 INFO [Thread-1] org.apache.catalina.core.ApplicationContext.log SessionListener: contextDestroyed()
25-Oct-2023 11:06:23.307 INFO [Thread-1] org.apache.catalina.core.ApplicationContext.log ContextListener: contextDestroyed()
25-Oct-2023 11:06:26.290 INFO [main] org.apache.catalina.core.ApplicationContext.log ContextListener: contextInitialized()
25-Oct-2023 11:06:26.291 INFO [main] org.apache.catalina.core.ApplicationContext.log SessionListener: contextInitialized()
25-Oct-2023 11:06:26.292 INFO [main] org.apache.catalina.core.ApplicationContext.log ContextListener: attributeAdded('StockTicker', 'async.Stockticker@5934153e')
25-Oct-2023 11:54:54.589 INFO [Thread-1] org.apache.catalina.core.ApplicationContext.log SessionListener: contextDestroyed()
25-Oct-2023 11:54:54.589 INFO [Thread-1] org.apache.catalina.core.ApplicationContext.log ContextListener: contextDestroyed()
