18-Oct-2023 09:15:06.734 INFO [main] org.apache.catalina.core.ApplicationContext.log ContextListener: contextInitialized()
18-Oct-2023 09:15:06.734 INFO [main] org.apache.catalina.core.ApplicationContext.log SessionListener: contextInitialized()
18-Oct-2023 09:15:06.735 INFO [main] org.apache.catalina.core.ApplicationContext.log ContextListener: attributeAdded('StockTicker', 'async.Stockticker@6a988392')
18-Oct-2023 09:25:02.219 INFO [Thread-1] org.apache.catalina.core.ApplicationContext.log SessionListener: contextDestroyed()
18-Oct-2023 09:25:02.219 INFO [Thread-1] org.apache.catalina.core.ApplicationContext.log ContextListener: contextDestroyed()
18-Oct-2023 09:32:24.813 INFO [main] org.apache.catalina.core.ApplicationContext.log ContextListener: contextInitialized()
18-Oct-2023 09:32:24.813 INFO [main] org.apache.catalina.core.ApplicationContext.log SessionListener: contextInitialized()
18-Oct-2023 09:32:24.814 INFO [main] org.apache.catalina.core.ApplicationContext.log ContextListener: attributeAdded('StockTicker', 'async.Stockticker@6e521c1e')
18-Oct-2023 09:44:12.153 INFO [Thread-1] org.apache.catalina.core.ApplicationContext.log SessionListener: contextDestroyed()
18-Oct-2023 09:44:12.153 INFO [Thread-1] org.apache.catalina.core.ApplicationContext.log ContextListener: contextDestroyed()
18-Oct-2023 09:44:15.396 INFO [main] org.apache.catalina.core.ApplicationContext.log ContextListener: contextInitialized()
18-Oct-2023 09:44:15.396 INFO [main] org.apache.catalina.core.ApplicationContext.log SessionListener: contextInitialized()
18-Oct-2023 09:44:15.397 INFO [main] org.apache.catalina.core.ApplicationContext.log ContextListener: attributeAdded('StockTicker', 'async.Stockticker@6e521c1e')
18-Oct-2023 09:47:04.463 INFO [Thread-1] org.apache.catalina.core.ApplicationContext.log SessionListener: contextDestroyed()
18-Oct-2023 09:47:04.463 INFO [Thread-1] org.apache.catalina.core.ApplicationContext.log ContextListener: contextDestroyed()
18-Oct-2023 09:47:06.597 INFO [main] org.apache.catalina.core.ApplicationContext.log ContextListener: contextInitialized()
18-Oct-2023 09:47:06.597 INFO [main] org.apache.catalina.core.ApplicationContext.log SessionListener: contextInitialized()
18-Oct-2023 09:47:06.598 INFO [main] org.apache.catalina.core.ApplicationContext.log ContextListener: attributeAdded('StockTicker', 'async.Stockticker@5f4d427e')
18-Oct-2023 09:58:38.265 INFO [Thread-1] org.apache.catalina.core.ApplicationContext.log SessionListener: contextDestroyed()
18-Oct-2023 09:58:38.265 INFO [Thread-1] org.apache.catalina.core.ApplicationContext.log ContextListener: contextDestroyed()
18-Oct-2023 09:58:40.992 INFO [main] org.apache.catalina.core.ApplicationContext.log ContextListener: contextInitialized()
18-Oct-2023 09:58:40.992 INFO [main] org.apache.catalina.core.ApplicationContext.log SessionListener: contextInitialized()
18-Oct-2023 09:58:40.993 INFO [main] org.apache.catalina.core.ApplicationContext.log ContextListener: attributeAdded('StockTicker', 'async.Stockticker@224b4d61')
18-Oct-2023 10:01:19.080 INFO [Thread-1] org.apache.catalina.core.ApplicationContext.log SessionListener: contextDestroyed()
18-Oct-2023 10:01:19.080 INFO [Thread-1] org.apache.catalina.core.ApplicationContext.log ContextListener: contextDestroyed()
18-Oct-2023 10:01:22.058 INFO [main] org.apache.catalina.core.ApplicationContext.log ContextListener: contextInitialized()
18-Oct-2023 10:01:22.059 INFO [main] org.apache.catalina.core.ApplicationContext.log SessionListener: contextInitialized()
18-Oct-2023 10:01:22.059 INFO [main] org.apache.catalina.core.ApplicationContext.log ContextListener: attributeAdded('StockTicker', 'async.Stockticker@6e521c1e')
18-Oct-2023 10:01:24.449 INFO [http-nio-8080-exec-1] org.apache.catalina.core.ApplicationContext.log Marking servlet [Fibonacci] as unavailable
18-Oct-2023 10:01:24.449 SEVERE [http-nio-8080-exec-1] org.apache.catalina.core.StandardWrapperValve.invoke Allocate exception for servlet [Fibonacci]
	java.lang.ClassCastException: class Fibonacci cannot be cast to class jakarta.servlet.Servlet (Fibonacci is in unnamed module of loader org.apache.catalina.loader.ParallelWebappClassLoader @460ebd80; jakarta.servlet.Servlet is in unnamed module of loader java.net.URLClassLoader @5d099f62)
		at org.apache.catalina.core.StandardWrapper.loadServlet(StandardWrapper.java:865)
		at org.apache.catalina.core.StandardWrapper.allocate(StandardWrapper.java:649)
		at org.apache.catalina.core.StandardWrapperValve.invoke(StandardWrapperValve.java:115)
		at org.apache.catalina.core.StandardContextValve.invoke(StandardContextValve.java:90)
		at org.apache.catalina.authenticator.AuthenticatorBase.invoke(AuthenticatorBase.java:482)
		at org.apache.catalina.core.StandardHostValve.invoke(StandardHostValve.java:115)
		at org.apache.catalina.valves.ErrorReportValve.invoke(ErrorReportValve.java:93)
		at org.apache.catalina.valves.AbstractAccessLogValve.invoke(AbstractAccessLogValve.java:673)
		at org.apache.catalina.core.StandardEngineValve.invoke(StandardEngineValve.java:74)
		at org.apache.catalina.connector.CoyoteAdapter.service(CoyoteAdapter.java:340)
		at org.apache.coyote.http11.Http11Processor.service(Http11Processor.java:391)
		at org.apache.coyote.AbstractProcessorLight.process(AbstractProcessorLight.java:63)
		at org.apache.coyote.AbstractProtocol$ConnectionHandler.process(AbstractProtocol.java:896)
		at org.apache.tomcat.util.net.NioEndpoint$SocketProcessor.doRun(NioEndpoint.java:1744)
		at org.apache.tomcat.util.net.SocketProcessorBase.run(SocketProcessorBase.java:52)
		at org.apache.tomcat.util.threads.ThreadPoolExecutor.runWorker(ThreadPoolExecutor.java:1191)
		at org.apache.tomcat.util.threads.ThreadPoolExecutor$Worker.run(ThreadPoolExecutor.java:659)
		at org.apache.tomcat.util.threads.TaskThread$WrappingRunnable.run(TaskThread.java:61)
		at java.base/java.lang.Thread.run(Thread.java:833)
18-Oct-2023 10:01:47.196 INFO [Thread-1] org.apache.catalina.core.ApplicationContext.log SessionListener: contextDestroyed()
18-Oct-2023 10:01:47.196 INFO [Thread-1] org.apache.catalina.core.ApplicationContext.log ContextListener: contextDestroyed()
18-Oct-2023 10:01:49.344 INFO [main] org.apache.catalina.core.ApplicationContext.log ContextListener: contextInitialized()
18-Oct-2023 10:01:49.345 INFO [main] org.apache.catalina.core.ApplicationContext.log SessionListener: contextInitialized()
18-Oct-2023 10:01:49.346 INFO [main] org.apache.catalina.core.ApplicationContext.log ContextListener: attributeAdded('StockTicker', 'async.Stockticker@4ef27d66')
18-Oct-2023 10:02:28.326 INFO [Thread-1] org.apache.catalina.core.ApplicationContext.log SessionListener: contextDestroyed()
18-Oct-2023 10:02:28.326 INFO [Thread-1] org.apache.catalina.core.ApplicationContext.log ContextListener: contextDestroyed()
18-Oct-2023 10:02:38.967 INFO [main] org.apache.catalina.core.ApplicationContext.log ContextListener: contextInitialized()
18-Oct-2023 10:02:38.967 INFO [main] org.apache.catalina.core.ApplicationContext.log SessionListener: contextInitialized()
18-Oct-2023 10:02:38.968 INFO [main] org.apache.catalina.core.ApplicationContext.log ContextListener: attributeAdded('StockTicker', 'async.Stockticker@224b4d61')
18-Oct-2023 10:03:39.918 INFO [Thread-1] org.apache.catalina.core.ApplicationContext.log SessionListener: contextDestroyed()
18-Oct-2023 10:03:39.918 INFO [Thread-1] org.apache.catalina.core.ApplicationContext.log ContextListener: contextDestroyed()
18-Oct-2023 10:03:48.480 INFO [main] org.apache.catalina.core.ApplicationContext.log ContextListener: contextInitialized()
18-Oct-2023 10:03:48.480 INFO [main] org.apache.catalina.core.ApplicationContext.log SessionListener: contextInitialized()
18-Oct-2023 10:03:48.481 INFO [main] org.apache.catalina.core.ApplicationContext.log ContextListener: attributeAdded('StockTicker', 'async.Stockticker@4ef27d66')
18-Oct-2023 10:25:05.050 INFO [Thread-1] org.apache.catalina.core.ApplicationContext.log SessionListener: contextDestroyed()
18-Oct-2023 10:25:05.050 INFO [Thread-1] org.apache.catalina.core.ApplicationContext.log ContextListener: contextDestroyed()
18-Oct-2023 10:25:23.953 INFO [main] org.apache.catalina.core.ApplicationContext.log ContextListener: contextInitialized()
18-Oct-2023 10:25:23.953 INFO [main] org.apache.catalina.core.ApplicationContext.log SessionListener: contextInitialized()
18-Oct-2023 10:25:23.955 INFO [main] org.apache.catalina.core.ApplicationContext.log ContextListener: attributeAdded('StockTicker', 'async.Stockticker@224b4d61')
18-Oct-2023 10:28:03.381 INFO [Thread-1] org.apache.catalina.core.ApplicationContext.log SessionListener: contextDestroyed()
18-Oct-2023 10:28:03.381 INFO [Thread-1] org.apache.catalina.core.ApplicationContext.log ContextListener: contextDestroyed()
18-Oct-2023 10:28:06.139 INFO [main] org.apache.catalina.core.ApplicationContext.log ContextListener: contextInitialized()
18-Oct-2023 10:28:06.139 INFO [main] org.apache.catalina.core.ApplicationContext.log SessionListener: contextInitialized()
18-Oct-2023 10:28:06.140 INFO [main] org.apache.catalina.core.ApplicationContext.log ContextListener: attributeAdded('StockTicker', 'async.Stockticker@5d5d9e5')
18-Oct-2023 10:28:38.191 INFO [Thread-1] org.apache.catalina.core.ApplicationContext.log SessionListener: contextDestroyed()
18-Oct-2023 10:28:38.191 INFO [Thread-1] org.apache.catalina.core.ApplicationContext.log ContextListener: contextDestroyed()
18-Oct-2023 10:28:45.632 INFO [main] org.apache.catalina.core.ApplicationContext.log ContextListener: contextInitialized()
18-Oct-2023 10:28:45.632 INFO [main] org.apache.catalina.core.ApplicationContext.log SessionListener: contextInitialized()
18-Oct-2023 10:28:45.633 INFO [main] org.apache.catalina.core.ApplicationContext.log ContextListener: attributeAdded('StockTicker', 'async.Stockticker@303e3593')
18-Oct-2023 10:29:02.751 INFO [Thread-1] org.apache.catalina.core.ApplicationContext.log SessionListener: contextDestroyed()
18-Oct-2023 10:29:02.751 INFO [Thread-1] org.apache.catalina.core.ApplicationContext.log ContextListener: contextDestroyed()
18-Oct-2023 10:29:04.554 INFO [main] org.apache.catalina.core.ApplicationContext.log ContextListener: contextInitialized()
18-Oct-2023 10:29:04.555 INFO [main] org.apache.catalina.core.ApplicationContext.log SessionListener: contextInitialized()
18-Oct-2023 10:29:04.555 INFO [main] org.apache.catalina.core.ApplicationContext.log ContextListener: attributeAdded('StockTicker', 'async.Stockticker@303e3593')
18-Oct-2023 10:29:33.959 INFO [Thread-1] org.apache.catalina.core.ApplicationContext.log SessionListener: contextDestroyed()
18-Oct-2023 10:29:33.959 INFO [Thread-1] org.apache.catalina.core.ApplicationContext.log ContextListener: contextDestroyed()
18-Oct-2023 10:29:39.311 INFO [main] org.apache.catalina.core.ApplicationContext.log ContextListener: contextInitialized()
18-Oct-2023 10:29:39.312 INFO [main] org.apache.catalina.core.ApplicationContext.log SessionListener: contextInitialized()
18-Oct-2023 10:29:39.313 INFO [main] org.apache.catalina.core.ApplicationContext.log ContextListener: attributeAdded('StockTicker', 'async.Stockticker@224b4d61')
18-Oct-2023 10:32:07.677 INFO [Thread-1] org.apache.catalina.core.ApplicationContext.log SessionListener: contextDestroyed()
18-Oct-2023 10:32:07.677 INFO [Thread-1] org.apache.catalina.core.ApplicationContext.log ContextListener: contextDestroyed()
18-Oct-2023 10:32:12.734 INFO [main] org.apache.catalina.core.ApplicationContext.log ContextListener: contextInitialized()
18-Oct-2023 10:32:12.734 INFO [main] org.apache.catalina.core.ApplicationContext.log SessionListener: contextInitialized()
18-Oct-2023 10:32:12.735 INFO [main] org.apache.catalina.core.ApplicationContext.log ContextListener: attributeAdded('StockTicker', 'async.Stockticker@362a019c')
18-Oct-2023 10:32:50.617 INFO [Thread-1] org.apache.catalina.core.ApplicationContext.log SessionListener: contextDestroyed()
18-Oct-2023 10:32:50.617 INFO [Thread-1] org.apache.catalina.core.ApplicationContext.log ContextListener: contextDestroyed()
18-Oct-2023 10:32:55.550 INFO [main] org.apache.catalina.core.ApplicationContext.log ContextListener: contextInitialized()
18-Oct-2023 10:32:55.551 INFO [main] org.apache.catalina.core.ApplicationContext.log SessionListener: contextInitialized()
18-Oct-2023 10:32:55.551 INFO [main] org.apache.catalina.core.ApplicationContext.log ContextListener: attributeAdded('StockTicker', 'async.Stockticker@362a019c')
18-Oct-2023 10:35:20.119 INFO [Thread-1] org.apache.catalina.core.ApplicationContext.log SessionListener: contextDestroyed()
18-Oct-2023 10:35:20.119 INFO [Thread-1] org.apache.catalina.core.ApplicationContext.log ContextListener: contextDestroyed()
18-Oct-2023 10:35:22.525 INFO [main] org.apache.catalina.core.ApplicationContext.log ContextListener: contextInitialized()
18-Oct-2023 10:35:22.525 INFO [main] org.apache.catalina.core.ApplicationContext.log SessionListener: contextInitialized()
18-Oct-2023 10:35:22.526 INFO [main] org.apache.catalina.core.ApplicationContext.log ContextListener: attributeAdded('StockTicker', 'async.Stockticker@362a019c')
18-Oct-2023 10:35:48.116 INFO [Thread-1] org.apache.catalina.core.ApplicationContext.log SessionListener: contextDestroyed()
18-Oct-2023 10:35:48.117 INFO [Thread-1] org.apache.catalina.core.ApplicationContext.log ContextListener: contextDestroyed()
18-Oct-2023 10:35:53.974 INFO [main] org.apache.catalina.core.ApplicationContext.log ContextListener: contextInitialized()
18-Oct-2023 10:35:53.974 INFO [main] org.apache.catalina.core.ApplicationContext.log SessionListener: contextInitialized()
18-Oct-2023 10:35:53.975 INFO [main] org.apache.catalina.core.ApplicationContext.log ContextListener: attributeAdded('StockTicker', 'async.Stockticker@303e3593')
18-Oct-2023 10:36:19.260 INFO [Thread-1] org.apache.catalina.core.ApplicationContext.log SessionListener: contextDestroyed()
18-Oct-2023 10:36:19.260 INFO [Thread-1] org.apache.catalina.core.ApplicationContext.log ContextListener: contextDestroyed()
18-Oct-2023 10:36:20.778 INFO [main] org.apache.catalina.core.ApplicationContext.log ContextListener: contextInitialized()
18-Oct-2023 10:36:20.778 INFO [main] org.apache.catalina.core.ApplicationContext.log SessionListener: contextInitialized()
18-Oct-2023 10:36:20.779 INFO [main] org.apache.catalina.core.ApplicationContext.log ContextListener: attributeAdded('StockTicker', 'async.Stockticker@362a019c')
18-Oct-2023 10:37:15.822 INFO [Thread-1] org.apache.catalina.core.ApplicationContext.log SessionListener: contextDestroyed()
18-Oct-2023 10:37:15.823 INFO [Thread-1] org.apache.catalina.core.ApplicationContext.log ContextListener: contextDestroyed()
18-Oct-2023 10:37:21.635 INFO [main] org.apache.catalina.core.ApplicationContext.log ContextListener: contextInitialized()
18-Oct-2023 10:37:21.635 INFO [main] org.apache.catalina.core.ApplicationContext.log SessionListener: contextInitialized()
18-Oct-2023 10:37:21.636 INFO [main] org.apache.catalina.core.ApplicationContext.log ContextListener: attributeAdded('StockTicker', 'async.Stockticker@303e3593')
18-Oct-2023 10:37:40.344 INFO [Thread-1] org.apache.catalina.core.ApplicationContext.log SessionListener: contextDestroyed()
18-Oct-2023 10:37:40.344 INFO [Thread-1] org.apache.catalina.core.ApplicationContext.log ContextListener: contextDestroyed()
18-Oct-2023 10:37:42.334 INFO [main] org.apache.catalina.core.ApplicationContext.log ContextListener: contextInitialized()
18-Oct-2023 10:37:42.334 INFO [main] org.apache.catalina.core.ApplicationContext.log SessionListener: contextInitialized()
18-Oct-2023 10:37:42.335 INFO [main] org.apache.catalina.core.ApplicationContext.log ContextListener: attributeAdded('StockTicker', 'async.Stockticker@303e3593')
18-Oct-2023 10:47:27.312 INFO [Thread-1] org.apache.catalina.core.ApplicationContext.log SessionListener: contextDestroyed()
18-Oct-2023 10:47:27.313 INFO [Thread-1] org.apache.catalina.core.ApplicationContext.log ContextListener: contextDestroyed()
18-Oct-2023 10:47:29.543 INFO [main] org.apache.catalina.core.ApplicationContext.log ContextListener: contextInitialized()
18-Oct-2023 10:47:29.544 INFO [main] org.apache.catalina.core.ApplicationContext.log SessionListener: contextInitialized()
18-Oct-2023 10:47:29.544 INFO [main] org.apache.catalina.core.ApplicationContext.log ContextListener: attributeAdded('StockTicker', 'async.Stockticker@7c041b41')
18-Oct-2023 10:47:36.398 INFO [http-nio-8080-exec-1] org.apache.catalina.core.ApplicationContext.log Marking servlet [Ascii] as unavailable
18-Oct-2023 10:47:36.398 SEVERE [http-nio-8080-exec-1] org.apache.catalina.core.StandardWrapperValve.invoke Allocate exception for servlet [Ascii]
	java.lang.ClassCastException: class Ascii cannot be cast to class jakarta.servlet.Servlet (Ascii is in unnamed module of loader org.apache.catalina.loader.ParallelWebappClassLoader @74bada02; jakarta.servlet.Servlet is in unnamed module of loader java.net.URLClassLoader @5d099f62)
		at org.apache.catalina.core.StandardWrapper.loadServlet(StandardWrapper.java:865)
		at org.apache.catalina.core.StandardWrapper.allocate(StandardWrapper.java:649)
		at org.apache.catalina.core.StandardWrapperValve.invoke(StandardWrapperValve.java:115)
		at org.apache.catalina.core.StandardContextValve.invoke(StandardContextValve.java:90)
		at org.apache.catalina.authenticator.AuthenticatorBase.invoke(AuthenticatorBase.java:482)
		at org.apache.catalina.core.StandardHostValve.invoke(StandardHostValve.java:115)
		at org.apache.catalina.valves.ErrorReportValve.invoke(ErrorReportValve.java:93)
		at org.apache.catalina.valves.AbstractAccessLogValve.invoke(AbstractAccessLogValve.java:673)
		at org.apache.catalina.core.StandardEngineValve.invoke(StandardEngineValve.java:74)
		at org.apache.catalina.connector.CoyoteAdapter.service(CoyoteAdapter.java:340)
		at org.apache.coyote.http11.Http11Processor.service(Http11Processor.java:391)
		at org.apache.coyote.AbstractProcessorLight.process(AbstractProcessorLight.java:63)
		at org.apache.coyote.AbstractProtocol$ConnectionHandler.process(AbstractProtocol.java:896)
		at org.apache.tomcat.util.net.NioEndpoint$SocketProcessor.doRun(NioEndpoint.java:1744)
		at org.apache.tomcat.util.net.SocketProcessorBase.run(SocketProcessorBase.java:52)
		at org.apache.tomcat.util.threads.ThreadPoolExecutor.runWorker(ThreadPoolExecutor.java:1191)
		at org.apache.tomcat.util.threads.ThreadPoolExecutor$Worker.run(ThreadPoolExecutor.java:659)
		at org.apache.tomcat.util.threads.TaskThread$WrappingRunnable.run(TaskThread.java:61)
		at java.base/java.lang.Thread.run(Thread.java:833)
18-Oct-2023 10:48:00.088 INFO [Thread-1] org.apache.catalina.core.ApplicationContext.log SessionListener: contextDestroyed()
18-Oct-2023 10:48:00.088 INFO [Thread-1] org.apache.catalina.core.ApplicationContext.log ContextListener: contextDestroyed()
18-Oct-2023 10:48:02.027 INFO [main] org.apache.catalina.core.ApplicationContext.log ContextListener: contextInitialized()
18-Oct-2023 10:48:02.027 INFO [main] org.apache.catalina.core.ApplicationContext.log SessionListener: contextInitialized()
18-Oct-2023 10:48:02.028 INFO [main] org.apache.catalina.core.ApplicationContext.log ContextListener: attributeAdded('StockTicker', 'async.Stockticker@4ef27d66')
18-Oct-2023 10:48:43.758 INFO [Thread-1] org.apache.catalina.core.ApplicationContext.log SessionListener: contextDestroyed()
18-Oct-2023 10:48:43.758 INFO [Thread-1] org.apache.catalina.core.ApplicationContext.log ContextListener: contextDestroyed()
18-Oct-2023 10:48:45.858 INFO [main] org.apache.catalina.core.ApplicationContext.log ContextListener: contextInitialized()
18-Oct-2023 10:48:45.858 INFO [main] org.apache.catalina.core.ApplicationContext.log SessionListener: contextInitialized()
18-Oct-2023 10:48:45.859 INFO [main] org.apache.catalina.core.ApplicationContext.log ContextListener: attributeAdded('StockTicker', 'async.Stockticker@4ef27d66')
18-Oct-2023 10:49:12.785 INFO [Thread-1] org.apache.catalina.core.ApplicationContext.log SessionListener: contextDestroyed()
18-Oct-2023 10:49:12.786 INFO [Thread-1] org.apache.catalina.core.ApplicationContext.log ContextListener: contextDestroyed()
18-Oct-2023 10:49:14.169 INFO [main] org.apache.catalina.core.ApplicationContext.log ContextListener: contextInitialized()
18-Oct-2023 10:49:14.170 INFO [main] org.apache.catalina.core.ApplicationContext.log SessionListener: contextInitialized()
18-Oct-2023 10:49:14.170 INFO [main] org.apache.catalina.core.ApplicationContext.log ContextListener: attributeAdded('StockTicker', 'async.Stockticker@1d9bec4d')
18-Oct-2023 10:50:51.298 INFO [Thread-1] org.apache.catalina.core.ApplicationContext.log SessionListener: contextDestroyed()
18-Oct-2023 10:50:51.298 INFO [Thread-1] org.apache.catalina.core.ApplicationContext.log ContextListener: contextDestroyed()
18-Oct-2023 10:50:52.805 INFO [main] org.apache.catalina.core.ApplicationContext.log ContextListener: contextInitialized()
18-Oct-2023 10:50:52.805 INFO [main] org.apache.catalina.core.ApplicationContext.log SessionListener: contextInitialized()
18-Oct-2023 10:50:52.806 INFO [main] org.apache.catalina.core.ApplicationContext.log ContextListener: attributeAdded('StockTicker', 'async.Stockticker@4ef27d66')
18-Oct-2023 10:51:25.059 INFO [Thread-1] org.apache.catalina.core.ApplicationContext.log SessionListener: contextDestroyed()
18-Oct-2023 10:51:25.059 INFO [Thread-1] org.apache.catalina.core.ApplicationContext.log ContextListener: contextDestroyed()
18-Oct-2023 10:51:26.735 INFO [main] org.apache.catalina.core.ApplicationContext.log ContextListener: contextInitialized()
18-Oct-2023 10:51:26.736 INFO [main] org.apache.catalina.core.ApplicationContext.log SessionListener: contextInitialized()
18-Oct-2023 10:51:26.736 INFO [main] org.apache.catalina.core.ApplicationContext.log ContextListener: attributeAdded('StockTicker', 'async.Stockticker@362a019c')
18-Oct-2023 10:52:57.026 INFO [Thread-1] org.apache.catalina.core.ApplicationContext.log SessionListener: contextDestroyed()
18-Oct-2023 10:52:57.026 INFO [Thread-1] org.apache.catalina.core.ApplicationContext.log ContextListener: contextDestroyed()
18-Oct-2023 10:53:02.690 INFO [main] org.apache.catalina.core.ApplicationContext.log ContextListener: contextInitialized()
18-Oct-2023 10:53:02.690 INFO [main] org.apache.catalina.core.ApplicationContext.log SessionListener: contextInitialized()
18-Oct-2023 10:53:02.691 INFO [main] org.apache.catalina.core.ApplicationContext.log ContextListener: attributeAdded('StockTicker', 'async.Stockticker@4ef27d66')
18-Oct-2023 10:53:26.744 INFO [Thread-1] org.apache.catalina.core.ApplicationContext.log SessionListener: contextDestroyed()
18-Oct-2023 10:53:26.744 INFO [Thread-1] org.apache.catalina.core.ApplicationContext.log ContextListener: contextDestroyed()
18-Oct-2023 10:53:37.077 INFO [main] org.apache.catalina.core.ApplicationContext.log ContextListener: contextInitialized()
18-Oct-2023 10:53:37.077 INFO [main] org.apache.catalina.core.ApplicationContext.log SessionListener: contextInitialized()
18-Oct-2023 10:53:37.078 INFO [main] org.apache.catalina.core.ApplicationContext.log ContextListener: attributeAdded('StockTicker', 'async.Stockticker@362a019c')
18-Oct-2023 10:59:35.228 INFO [Thread-1] org.apache.catalina.core.ApplicationContext.log SessionListener: contextDestroyed()
18-Oct-2023 10:59:35.228 INFO [Thread-1] org.apache.catalina.core.ApplicationContext.log ContextListener: contextDestroyed()
18-Oct-2023 10:59:37.330 INFO [main] org.apache.catalina.core.ApplicationContext.log ContextListener: contextInitialized()
18-Oct-2023 10:59:37.330 INFO [main] org.apache.catalina.core.ApplicationContext.log SessionListener: contextInitialized()
18-Oct-2023 10:59:37.331 INFO [main] org.apache.catalina.core.ApplicationContext.log ContextListener: attributeAdded('StockTicker', 'async.Stockticker@4ef27d66')
18-Oct-2023 11:00:18.863 INFO [Thread-1] org.apache.catalina.core.ApplicationContext.log SessionListener: contextDestroyed()
18-Oct-2023 11:00:18.863 INFO [Thread-1] org.apache.catalina.core.ApplicationContext.log ContextListener: contextDestroyed()
18-Oct-2023 11:00:20.702 INFO [main] org.apache.catalina.core.ApplicationContext.log ContextListener: contextInitialized()
18-Oct-2023 11:00:20.703 INFO [main] org.apache.catalina.core.ApplicationContext.log SessionListener: contextInitialized()
18-Oct-2023 11:00:20.704 INFO [main] org.apache.catalina.core.ApplicationContext.log ContextListener: attributeAdded('StockTicker', 'async.Stockticker@362a019c')
18-Oct-2023 11:02:06.393 INFO [Thread-1] org.apache.catalina.core.ApplicationContext.log SessionListener: contextDestroyed()
18-Oct-2023 11:02:06.393 INFO [Thread-1] org.apache.catalina.core.ApplicationContext.log ContextListener: contextDestroyed()
18-Oct-2023 11:02:08.673 INFO [main] org.apache.catalina.core.ApplicationContext.log ContextListener: contextInitialized()
18-Oct-2023 11:02:08.673 INFO [main] org.apache.catalina.core.ApplicationContext.log SessionListener: contextInitialized()
18-Oct-2023 11:02:08.674 INFO [main] org.apache.catalina.core.ApplicationContext.log ContextListener: attributeAdded('StockTicker', 'async.Stockticker@362a019c')
18-Oct-2023 11:03:38.209 INFO [Thread-1] org.apache.catalina.core.ApplicationContext.log SessionListener: contextDestroyed()
18-Oct-2023 11:03:38.209 INFO [Thread-1] org.apache.catalina.core.ApplicationContext.log ContextListener: contextDestroyed()
18-Oct-2023 11:04:21.781 INFO [main] org.apache.catalina.core.ApplicationContext.log ContextListener: contextInitialized()
18-Oct-2023 11:04:21.782 INFO [main] org.apache.catalina.core.ApplicationContext.log SessionListener: contextInitialized()
18-Oct-2023 11:04:21.782 INFO [main] org.apache.catalina.core.ApplicationContext.log ContextListener: attributeAdded('StockTicker', 'async.Stockticker@362a019c')
18-Oct-2023 11:05:14.380 INFO [Thread-1] org.apache.catalina.core.ApplicationContext.log SessionListener: contextDestroyed()
18-Oct-2023 11:05:14.380 INFO [Thread-1] org.apache.catalina.core.ApplicationContext.log ContextListener: contextDestroyed()
18-Oct-2023 11:05:21.430 INFO [main] org.apache.catalina.core.ApplicationContext.log ContextListener: contextInitialized()
18-Oct-2023 11:05:21.430 INFO [main] org.apache.catalina.core.ApplicationContext.log SessionListener: contextInitialized()
18-Oct-2023 11:05:21.431 INFO [main] org.apache.catalina.core.ApplicationContext.log ContextListener: attributeAdded('StockTicker', 'async.Stockticker@362a019c')
18-Oct-2023 11:05:40.980 INFO [Thread-1] org.apache.catalina.core.ApplicationContext.log SessionListener: contextDestroyed()
18-Oct-2023 11:05:40.980 INFO [Thread-1] org.apache.catalina.core.ApplicationContext.log ContextListener: contextDestroyed()
18-Oct-2023 11:05:47.355 INFO [main] org.apache.catalina.core.ApplicationContext.log ContextListener: contextInitialized()
18-Oct-2023 11:05:47.355 INFO [main] org.apache.catalina.core.ApplicationContext.log SessionListener: contextInitialized()
18-Oct-2023 11:05:47.356 INFO [main] org.apache.catalina.core.ApplicationContext.log ContextListener: attributeAdded('StockTicker', 'async.Stockticker@4ef27d66')
18-Oct-2023 11:06:10.309 INFO [Thread-1] org.apache.catalina.core.ApplicationContext.log SessionListener: contextDestroyed()
18-Oct-2023 11:06:10.309 INFO [Thread-1] org.apache.catalina.core.ApplicationContext.log ContextListener: contextDestroyed()
18-Oct-2023 11:06:12.045 INFO [main] org.apache.catalina.core.ApplicationContext.log ContextListener: contextInitialized()
18-Oct-2023 11:06:12.045 INFO [main] org.apache.catalina.core.ApplicationContext.log SessionListener: contextInitialized()
18-Oct-2023 11:06:12.047 INFO [main] org.apache.catalina.core.ApplicationContext.log ContextListener: attributeAdded('StockTicker', 'async.Stockticker@4ef27d66')
18-Oct-2023 11:08:36.550 INFO [Thread-1] org.apache.catalina.core.ApplicationContext.log SessionListener: contextDestroyed()
18-Oct-2023 11:08:36.550 INFO [Thread-1] org.apache.catalina.core.ApplicationContext.log ContextListener: contextDestroyed()
18-Oct-2023 11:49:58.147 INFO [main] org.apache.catalina.core.ApplicationContext.log ContextListener: contextInitialized()
18-Oct-2023 11:49:58.147 INFO [main] org.apache.catalina.core.ApplicationContext.log SessionListener: contextInitialized()
18-Oct-2023 11:49:58.148 INFO [main] org.apache.catalina.core.ApplicationContext.log ContextListener: attributeAdded('StockTicker', 'async.Stockticker@365afe87')
18-Oct-2023 11:51:45.073 INFO [Thread-1] org.apache.catalina.core.ApplicationContext.log SessionListener: contextDestroyed()
18-Oct-2023 11:51:45.074 INFO [Thread-1] org.apache.catalina.core.ApplicationContext.log ContextListener: contextDestroyed()
18-Oct-2023 11:51:59.281 INFO [main] org.apache.catalina.core.ApplicationContext.log ContextListener: contextInitialized()
18-Oct-2023 11:51:59.282 INFO [main] org.apache.catalina.core.ApplicationContext.log SessionListener: contextInitialized()
18-Oct-2023 11:51:59.282 INFO [main] org.apache.catalina.core.ApplicationContext.log ContextListener: attributeAdded('StockTicker', 'async.Stockticker@160e99e0')
18-Oct-2023 11:53:55.564 INFO [Thread-1] org.apache.catalina.core.ApplicationContext.log SessionListener: contextDestroyed()
18-Oct-2023 11:53:55.564 INFO [Thread-1] org.apache.catalina.core.ApplicationContext.log ContextListener: contextDestroyed()
18-Oct-2023 11:54:03.075 INFO [main] org.apache.catalina.core.ApplicationContext.log ContextListener: contextInitialized()
18-Oct-2023 11:54:03.075 INFO [main] org.apache.catalina.core.ApplicationContext.log SessionListener: contextInitialized()
18-Oct-2023 11:54:03.076 INFO [main] org.apache.catalina.core.ApplicationContext.log ContextListener: attributeAdded('StockTicker', 'async.Stockticker@365afe87')
18-Oct-2023 11:54:37.160 INFO [Thread-1] org.apache.catalina.core.ApplicationContext.log SessionListener: contextDestroyed()
18-Oct-2023 11:54:37.160 INFO [Thread-1] org.apache.catalina.core.ApplicationContext.log ContextListener: contextDestroyed()
18-Oct-2023 11:54:43.740 INFO [main] org.apache.catalina.core.ApplicationContext.log ContextListener: contextInitialized()
18-Oct-2023 11:54:43.741 INFO [main] org.apache.catalina.core.ApplicationContext.log SessionListener: contextInitialized()
18-Oct-2023 11:54:43.742 INFO [main] org.apache.catalina.core.ApplicationContext.log ContextListener: attributeAdded('StockTicker', 'async.Stockticker@160e99e0')
18-Oct-2023 11:57:28.021 INFO [Thread-1] org.apache.catalina.core.ApplicationContext.log SessionListener: contextDestroyed()
18-Oct-2023 11:57:28.021 INFO [Thread-1] org.apache.catalina.core.ApplicationContext.log ContextListener: contextDestroyed()
18-Oct-2023 11:57:36.995 INFO [main] org.apache.catalina.core.ApplicationContext.log ContextListener: contextInitialized()
18-Oct-2023 11:57:36.995 INFO [main] org.apache.catalina.core.ApplicationContext.log SessionListener: contextInitialized()
18-Oct-2023 11:57:36.997 INFO [main] org.apache.catalina.core.ApplicationContext.log ContextListener: attributeAdded('StockTicker', 'async.Stockticker@365afe87')
18-Oct-2023 11:59:15.190 INFO [Thread-1] org.apache.catalina.core.ApplicationContext.log SessionListener: contextDestroyed()
18-Oct-2023 11:59:15.190 INFO [Thread-1] org.apache.catalina.core.ApplicationContext.log ContextListener: contextDestroyed()
