22-Nov-2023 09:23:32.437 INFO [main] org.apache.catalina.core.ApplicationContext.log ContextListener: contextInitialized()
22-Nov-2023 09:23:32.437 INFO [main] org.apache.catalina.core.ApplicationContext.log SessionListener: contextInitialized()
22-Nov-2023 09:23:32.440 INFO [main] org.apache.catalina.core.ApplicationContext.log ContextListener: attributeAdded('StockTicker', 'async.Stockticker@1ac6dd3d')
22-Nov-2023 09:23:34.225 INFO [Thread-1] org.apache.catalina.core.ApplicationContext.log SessionListener: contextDestroyed()
22-Nov-2023 09:23:34.225 INFO [Thread-1] org.apache.catalina.core.ApplicationContext.log ContextListener: contextDestroyed()
22-Nov-2023 09:24:21.727 INFO [main] org.apache.catalina.core.ApplicationContext.log ContextListener: contextInitialized()
22-Nov-2023 09:24:21.728 INFO [main] org.apache.catalina.core.ApplicationContext.log SessionListener: contextInitialized()
22-Nov-2023 09:24:21.729 INFO [main] org.apache.catalina.core.ApplicationContext.log ContextListener: attributeAdded('StockTicker', 'async.Stockticker@3cc053')
22-Nov-2023 09:30:07.164 INFO [Thread-1] org.apache.catalina.core.ApplicationContext.log SessionListener: contextDestroyed()
22-Nov-2023 09:30:07.164 INFO [Thread-1] org.apache.catalina.core.ApplicationContext.log ContextListener: contextDestroyed()
22-Nov-2023 09:30:09.244 INFO [main] org.apache.catalina.core.ApplicationContext.log ContextListener: contextInitialized()
22-Nov-2023 09:30:09.244 INFO [main] org.apache.catalina.core.ApplicationContext.log SessionListener: contextInitialized()
22-Nov-2023 09:30:09.245 INFO [main] org.apache.catalina.core.ApplicationContext.log ContextListener: attributeAdded('StockTicker', 'async.Stockticker@7b53b1ad')
22-Nov-2023 09:30:29.329 INFO [Thread-1] org.apache.catalina.core.ApplicationContext.log SessionListener: contextDestroyed()
22-Nov-2023 09:30:29.329 INFO [Thread-1] org.apache.catalina.core.ApplicationContext.log ContextListener: contextDestroyed()
22-Nov-2023 09:30:31.150 INFO [main] org.apache.catalina.core.ApplicationContext.log ContextListener: contextInitialized()
22-Nov-2023 09:30:31.150 INFO [main] org.apache.catalina.core.ApplicationContext.log SessionListener: contextInitialized()
22-Nov-2023 09:30:31.151 INFO [main] org.apache.catalina.core.ApplicationContext.log ContextListener: attributeAdded('StockTicker', 'async.Stockticker@1a1ccaaf')
22-Nov-2023 09:31:35.598 INFO [Thread-1] org.apache.catalina.core.ApplicationContext.log SessionListener: contextDestroyed()
22-Nov-2023 09:31:35.598 INFO [Thread-1] org.apache.catalina.core.ApplicationContext.log ContextListener: contextDestroyed()
22-Nov-2023 09:31:37.526 INFO [main] org.apache.catalina.core.ApplicationContext.log ContextListener: contextInitialized()
22-Nov-2023 09:31:37.527 INFO [main] org.apache.catalina.core.ApplicationContext.log SessionListener: contextInitialized()
22-Nov-2023 09:31:37.528 INFO [main] org.apache.catalina.core.ApplicationContext.log ContextListener: attributeAdded('StockTicker', 'async.Stockticker@7fbd3e75')
22-Nov-2023 09:32:06.436 INFO [Thread-1] org.apache.catalina.core.ApplicationContext.log SessionListener: contextDestroyed()
22-Nov-2023 09:32:06.437 INFO [Thread-1] org.apache.catalina.core.ApplicationContext.log ContextListener: contextDestroyed()
22-Nov-2023 09:32:08.827 INFO [main] org.apache.catalina.core.ApplicationContext.log ContextListener: contextInitialized()
22-Nov-2023 09:32:08.827 INFO [main] org.apache.catalina.core.ApplicationContext.log SessionListener: contextInitialized()
22-Nov-2023 09:32:08.829 INFO [main] org.apache.catalina.core.ApplicationContext.log ContextListener: attributeAdded('StockTicker', 'async.Stockticker@3cc053')
22-Nov-2023 09:33:30.250 INFO [Thread-1] org.apache.catalina.core.ApplicationContext.log SessionListener: contextDestroyed()
22-Nov-2023 09:33:30.250 INFO [Thread-1] org.apache.catalina.core.ApplicationContext.log ContextListener: contextDestroyed()
22-Nov-2023 09:33:32.299 INFO [main] org.apache.catalina.core.ApplicationContext.log ContextListener: contextInitialized()
22-Nov-2023 09:33:32.300 INFO [main] org.apache.catalina.core.ApplicationContext.log SessionListener: contextInitialized()
22-Nov-2023 09:33:32.301 INFO [main] org.apache.catalina.core.ApplicationContext.log ContextListener: attributeAdded('StockTicker', 'async.Stockticker@3cc053')
22-Nov-2023 09:33:35.863 INFO [Thread-1] org.apache.catalina.core.ApplicationContext.log SessionListener: contextDestroyed()
22-Nov-2023 09:33:35.863 INFO [Thread-1] org.apache.catalina.core.ApplicationContext.log ContextListener: contextDestroyed()
22-Nov-2023 09:33:37.762 INFO [main] org.apache.catalina.core.ApplicationContext.log ContextListener: contextInitialized()
22-Nov-2023 09:33:37.762 INFO [main] org.apache.catalina.core.ApplicationContext.log SessionListener: contextInitialized()
22-Nov-2023 09:33:37.764 INFO [main] org.apache.catalina.core.ApplicationContext.log ContextListener: attributeAdded('StockTicker', 'async.Stockticker@7b53b1ad')
22-Nov-2023 10:05:18.536 INFO [Thread-1] org.apache.catalina.core.ApplicationContext.log SessionListener: contextDestroyed()
22-Nov-2023 10:05:18.536 INFO [Thread-1] org.apache.catalina.core.ApplicationContext.log ContextListener: contextDestroyed()
22-Nov-2023 10:05:24.415 INFO [main] org.apache.catalina.core.ApplicationContext.log ContextListener: contextInitialized()
22-Nov-2023 10:05:24.415 INFO [main] org.apache.catalina.core.ApplicationContext.log SessionListener: contextInitialized()
22-Nov-2023 10:05:24.417 INFO [main] org.apache.catalina.core.ApplicationContext.log ContextListener: attributeAdded('StockTicker', 'async.Stockticker@3cc053')
22-Nov-2023 10:08:24.018 INFO [Thread-1] org.apache.catalina.core.ApplicationContext.log SessionListener: contextDestroyed()
22-Nov-2023 10:08:24.018 INFO [Thread-1] org.apache.catalina.core.ApplicationContext.log ContextListener: contextDestroyed()
22-Nov-2023 10:08:26.218 INFO [main] org.apache.catalina.core.ApplicationContext.log ContextListener: contextInitialized()
22-Nov-2023 10:08:26.218 INFO [main] org.apache.catalina.core.ApplicationContext.log SessionListener: contextInitialized()
22-Nov-2023 10:08:26.219 INFO [main] org.apache.catalina.core.ApplicationContext.log ContextListener: attributeAdded('StockTicker', 'async.Stockticker@388c519')
22-Nov-2023 10:10:33.938 INFO [Thread-1] org.apache.catalina.core.ApplicationContext.log SessionListener: contextDestroyed()
22-Nov-2023 10:10:33.938 INFO [Thread-1] org.apache.catalina.core.ApplicationContext.log ContextListener: contextDestroyed()
22-Nov-2023 10:10:35.993 INFO [main] org.apache.catalina.core.ApplicationContext.log ContextListener: contextInitialized()
22-Nov-2023 10:10:35.993 INFO [main] org.apache.catalina.core.ApplicationContext.log SessionListener: contextInitialized()
22-Nov-2023 10:10:35.994 INFO [main] org.apache.catalina.core.ApplicationContext.log ContextListener: attributeAdded('StockTicker', 'async.Stockticker@388c519')
22-Nov-2023 10:11:37.391 INFO [Thread-1] org.apache.catalina.core.ApplicationContext.log SessionListener: contextDestroyed()
22-Nov-2023 10:11:37.391 INFO [Thread-1] org.apache.catalina.core.ApplicationContext.log ContextListener: contextDestroyed()
22-Nov-2023 10:11:39.348 INFO [main] org.apache.catalina.core.ApplicationContext.log ContextListener: contextInitialized()
22-Nov-2023 10:11:39.348 INFO [main] org.apache.catalina.core.ApplicationContext.log SessionListener: contextInitialized()
22-Nov-2023 10:11:39.350 INFO [main] org.apache.catalina.core.ApplicationContext.log ContextListener: attributeAdded('StockTicker', 'async.Stockticker@388c519')
22-Nov-2023 10:15:52.074 INFO [Thread-1] org.apache.catalina.core.ApplicationContext.log SessionListener: contextDestroyed()
22-Nov-2023 10:15:52.074 INFO [Thread-1] org.apache.catalina.core.ApplicationContext.log ContextListener: contextDestroyed()
22-Nov-2023 10:15:54.078 INFO [main] org.apache.catalina.core.ApplicationContext.log ContextListener: contextInitialized()
22-Nov-2023 10:15:54.078 INFO [main] org.apache.catalina.core.ApplicationContext.log SessionListener: contextInitialized()
22-Nov-2023 10:15:54.080 INFO [main] org.apache.catalina.core.ApplicationContext.log ContextListener: attributeAdded('StockTicker', 'async.Stockticker@7b53b1ad')
22-Nov-2023 10:18:25.635 INFO [Thread-1] org.apache.catalina.core.ApplicationContext.log SessionListener: contextDestroyed()
22-Nov-2023 10:18:25.635 INFO [Thread-1] org.apache.catalina.core.ApplicationContext.log ContextListener: contextDestroyed()
22-Nov-2023 10:18:27.627 INFO [main] org.apache.catalina.core.ApplicationContext.log ContextListener: contextInitialized()
22-Nov-2023 10:18:27.627 INFO [main] org.apache.catalina.core.ApplicationContext.log SessionListener: contextInitialized()
22-Nov-2023 10:18:27.628 INFO [main] org.apache.catalina.core.ApplicationContext.log ContextListener: attributeAdded('StockTicker', 'async.Stockticker@7b53b1ad')
22-Nov-2023 10:18:41.371 INFO [Thread-1] org.apache.catalina.core.ApplicationContext.log SessionListener: contextDestroyed()
22-Nov-2023 10:18:41.371 INFO [Thread-1] org.apache.catalina.core.ApplicationContext.log ContextListener: contextDestroyed()
22-Nov-2023 10:18:43.322 INFO [main] org.apache.catalina.core.ApplicationContext.log ContextListener: contextInitialized()
22-Nov-2023 10:18:43.322 INFO [main] org.apache.catalina.core.ApplicationContext.log SessionListener: contextInitialized()
22-Nov-2023 10:18:43.324 INFO [main] org.apache.catalina.core.ApplicationContext.log ContextListener: attributeAdded('StockTicker', 'async.Stockticker@7fbd3e75')
22-Nov-2023 10:18:58.073 INFO [Thread-1] org.apache.catalina.core.ApplicationContext.log SessionListener: contextDestroyed()
22-Nov-2023 10:18:58.073 INFO [Thread-1] org.apache.catalina.core.ApplicationContext.log ContextListener: contextDestroyed()
22-Nov-2023 10:19:00.186 INFO [main] org.apache.catalina.core.ApplicationContext.log ContextListener: contextInitialized()
22-Nov-2023 10:19:00.186 INFO [main] org.apache.catalina.core.ApplicationContext.log SessionListener: contextInitialized()
22-Nov-2023 10:19:00.187 INFO [main] org.apache.catalina.core.ApplicationContext.log ContextListener: attributeAdded('StockTicker', 'async.Stockticker@388c519')
22-Nov-2023 10:21:25.256 INFO [Thread-1] org.apache.catalina.core.ApplicationContext.log SessionListener: contextDestroyed()
22-Nov-2023 10:21:25.256 INFO [Thread-1] org.apache.catalina.core.ApplicationContext.log ContextListener: contextDestroyed()
22-Nov-2023 10:21:55.301 INFO [main] org.apache.catalina.core.ApplicationContext.log ContextListener: contextInitialized()
22-Nov-2023 10:21:55.302 INFO [main] org.apache.catalina.core.ApplicationContext.log SessionListener: contextInitialized()
22-Nov-2023 10:21:55.305 INFO [main] org.apache.catalina.core.ApplicationContext.log ContextListener: attributeAdded('StockTicker', 'async.Stockticker@388c519')
22-Nov-2023 10:22:48.096 INFO [Thread-1] org.apache.catalina.core.ApplicationContext.log SessionListener: contextDestroyed()
22-Nov-2023 10:22:48.096 INFO [Thread-1] org.apache.catalina.core.ApplicationContext.log ContextListener: contextDestroyed()
22-Nov-2023 10:22:50.116 INFO [main] org.apache.catalina.core.ApplicationContext.log ContextListener: contextInitialized()
22-Nov-2023 10:22:50.116 INFO [main] org.apache.catalina.core.ApplicationContext.log SessionListener: contextInitialized()
22-Nov-2023 10:22:50.117 INFO [main] org.apache.catalina.core.ApplicationContext.log ContextListener: attributeAdded('StockTicker', 'async.Stockticker@388c519')
22-Nov-2023 10:35:54.833 INFO [Thread-1] org.apache.catalina.core.ApplicationContext.log SessionListener: contextDestroyed()
22-Nov-2023 10:35:54.833 INFO [Thread-1] org.apache.catalina.core.ApplicationContext.log ContextListener: contextDestroyed()
22-Nov-2023 10:35:56.868 INFO [main] org.apache.catalina.core.ApplicationContext.log ContextListener: contextInitialized()
22-Nov-2023 10:35:56.868 INFO [main] org.apache.catalina.core.ApplicationContext.log SessionListener: contextInitialized()
22-Nov-2023 10:35:56.869 INFO [main] org.apache.catalina.core.ApplicationContext.log ContextListener: attributeAdded('StockTicker', 'async.Stockticker@3cc053')
22-Nov-2023 10:36:29.824 INFO [Thread-1] org.apache.catalina.core.ApplicationContext.log SessionListener: contextDestroyed()
22-Nov-2023 10:36:29.824 INFO [Thread-1] org.apache.catalina.core.ApplicationContext.log ContextListener: contextDestroyed()
22-Nov-2023 10:36:36.869 INFO [main] org.apache.catalina.core.ApplicationContext.log ContextListener: contextInitialized()
22-Nov-2023 10:36:36.869 INFO [main] org.apache.catalina.core.ApplicationContext.log SessionListener: contextInitialized()
22-Nov-2023 10:36:36.870 INFO [main] org.apache.catalina.core.ApplicationContext.log ContextListener: attributeAdded('StockTicker', 'async.Stockticker@42e4e589')
22-Nov-2023 10:38:06.310 INFO [Thread-1] org.apache.catalina.core.ApplicationContext.log SessionListener: contextDestroyed()
22-Nov-2023 10:38:06.310 INFO [Thread-1] org.apache.catalina.core.ApplicationContext.log ContextListener: contextDestroyed()
22-Nov-2023 10:38:08.229 INFO [main] org.apache.catalina.core.ApplicationContext.log ContextListener: contextInitialized()
22-Nov-2023 10:38:08.229 INFO [main] org.apache.catalina.core.ApplicationContext.log SessionListener: contextInitialized()
22-Nov-2023 10:38:08.230 INFO [main] org.apache.catalina.core.ApplicationContext.log ContextListener: attributeAdded('StockTicker', 'async.Stockticker@388c519')
22-Nov-2023 10:46:05.855 INFO [Thread-1] org.apache.catalina.core.ApplicationContext.log SessionListener: contextDestroyed()
22-Nov-2023 10:46:05.855 INFO [Thread-1] org.apache.catalina.core.ApplicationContext.log ContextListener: contextDestroyed()
22-Nov-2023 10:46:07.781 INFO [main] org.apache.catalina.core.ApplicationContext.log ContextListener: contextInitialized()
22-Nov-2023 10:46:07.781 INFO [main] org.apache.catalina.core.ApplicationContext.log SessionListener: contextInitialized()
22-Nov-2023 10:46:07.783 INFO [main] org.apache.catalina.core.ApplicationContext.log ContextListener: attributeAdded('StockTicker', 'async.Stockticker@388c519')
22-Nov-2023 10:49:49.059 INFO [Thread-1] org.apache.catalina.core.ApplicationContext.log SessionListener: contextDestroyed()
22-Nov-2023 10:49:49.059 INFO [Thread-1] org.apache.catalina.core.ApplicationContext.log ContextListener: contextDestroyed()
22-Nov-2023 10:49:51.131 INFO [main] org.apache.catalina.core.ApplicationContext.log ContextListener: contextInitialized()
22-Nov-2023 10:49:51.131 INFO [main] org.apache.catalina.core.ApplicationContext.log SessionListener: contextInitialized()
22-Nov-2023 10:49:51.132 INFO [main] org.apache.catalina.core.ApplicationContext.log ContextListener: attributeAdded('StockTicker', 'async.Stockticker@388c519')
22-Nov-2023 10:53:02.792 INFO [Thread-1] org.apache.catalina.core.ApplicationContext.log SessionListener: contextDestroyed()
22-Nov-2023 10:53:02.792 INFO [Thread-1] org.apache.catalina.core.ApplicationContext.log ContextListener: contextDestroyed()
22-Nov-2023 10:53:04.771 INFO [main] org.apache.catalina.core.ApplicationContext.log ContextListener: contextInitialized()
22-Nov-2023 10:53:04.771 INFO [main] org.apache.catalina.core.ApplicationContext.log SessionListener: contextInitialized()
22-Nov-2023 10:53:04.773 INFO [main] org.apache.catalina.core.ApplicationContext.log ContextListener: attributeAdded('StockTicker', 'async.Stockticker@7b53b1ad')
22-Nov-2023 10:53:21.648 INFO [Thread-1] org.apache.catalina.core.ApplicationContext.log SessionListener: contextDestroyed()
22-Nov-2023 10:53:21.648 INFO [Thread-1] org.apache.catalina.core.ApplicationContext.log ContextListener: contextDestroyed()
22-Nov-2023 10:53:23.954 INFO [main] org.apache.catalina.core.ApplicationContext.log ContextListener: contextInitialized()
22-Nov-2023 10:53:23.955 INFO [main] org.apache.catalina.core.ApplicationContext.log SessionListener: contextInitialized()
22-Nov-2023 10:53:23.956 INFO [main] org.apache.catalina.core.ApplicationContext.log ContextListener: attributeAdded('StockTicker', 'async.Stockticker@7fbd3e75')
22-Nov-2023 11:02:20.096 INFO [Thread-1] org.apache.catalina.core.ApplicationContext.log SessionListener: contextDestroyed()
22-Nov-2023 11:02:20.096 INFO [Thread-1] org.apache.catalina.core.ApplicationContext.log ContextListener: contextDestroyed()
22-Nov-2023 11:02:23.194 INFO [main] org.apache.catalina.core.ApplicationContext.log ContextListener: contextInitialized()
22-Nov-2023 11:02:23.194 INFO [main] org.apache.catalina.core.ApplicationContext.log SessionListener: contextInitialized()
22-Nov-2023 11:02:23.196 INFO [main] org.apache.catalina.core.ApplicationContext.log ContextListener: attributeAdded('StockTicker', 'async.Stockticker@388c519')
22-Nov-2023 11:07:12.781 INFO [Thread-1] org.apache.catalina.core.ApplicationContext.log SessionListener: contextDestroyed()
22-Nov-2023 11:07:12.781 INFO [Thread-1] org.apache.catalina.core.ApplicationContext.log ContextListener: contextDestroyed()
22-Nov-2023 11:07:15.191 INFO [main] org.apache.catalina.core.ApplicationContext.log ContextListener: contextInitialized()
22-Nov-2023 11:07:15.191 INFO [main] org.apache.catalina.core.ApplicationContext.log SessionListener: contextInitialized()
22-Nov-2023 11:07:15.192 INFO [main] org.apache.catalina.core.ApplicationContext.log ContextListener: attributeAdded('StockTicker', 'async.Stockticker@3cc053')
22-Nov-2023 11:08:20.392 INFO [Thread-1] org.apache.catalina.core.ApplicationContext.log SessionListener: contextDestroyed()
22-Nov-2023 11:08:20.392 INFO [Thread-1] org.apache.catalina.core.ApplicationContext.log ContextListener: contextDestroyed()
22-Nov-2023 11:08:22.627 INFO [main] org.apache.catalina.core.ApplicationContext.log ContextListener: contextInitialized()
22-Nov-2023 11:08:22.627 INFO [main] org.apache.catalina.core.ApplicationContext.log SessionListener: contextInitialized()
22-Nov-2023 11:08:22.629 INFO [main] org.apache.catalina.core.ApplicationContext.log ContextListener: attributeAdded('StockTicker', 'async.Stockticker@388c519')
22-Nov-2023 11:28:54.855 INFO [Thread-1] org.apache.catalina.core.ApplicationContext.log SessionListener: contextDestroyed()
22-Nov-2023 11:28:54.855 INFO [Thread-1] org.apache.catalina.core.ApplicationContext.log ContextListener: contextDestroyed()
22-Nov-2023 11:29:24.709 INFO [main] org.apache.catalina.core.ApplicationContext.log ContextListener: contextInitialized()
22-Nov-2023 11:29:24.710 INFO [main] org.apache.catalina.core.ApplicationContext.log SessionListener: contextInitialized()
22-Nov-2023 11:29:24.711 INFO [main] org.apache.catalina.core.ApplicationContext.log ContextListener: attributeAdded('StockTicker', 'async.Stockticker@7fbd3e75')
22-Nov-2023 11:48:10.377 INFO [Thread-1] org.apache.catalina.core.ApplicationContext.log SessionListener: contextDestroyed()
22-Nov-2023 11:48:10.377 INFO [Thread-1] org.apache.catalina.core.ApplicationContext.log ContextListener: contextDestroyed()
